<?xml version="1.0" encoding="UTF-8" ?>
<testsuite tests="4" failures="1" name="com.study.basic.service.BasicServiceTest" time="5.739" errors="0" skipped="0">
  <properties>
[...]
</properties>
  <testcase classname="com.study.basic.service.BasicServiceTest" name="testListAllUserinfo" time="1.955"/>
  <testcase classname="com.study.basic.service.BasicServiceTest" name="testUpdateClsRoomStatus" time="1.835">
    <failure type="java.lang.AssertionError">java.lang.AssertionError
	at org.junit.Assert.fail(Assert.java:86)
	at org.junit.Assert.assertTrue(Assert.java:41)
	at org.junit.Assert.assertTrue(Assert.java:52)
	at com.study.basic.service.BasicServiceTest.testUpdateClsRoomStatus(BasicServiceTest.java:42)
	at sun.reflect.NativeMethodAccessorImpl.invoke0(Native Method)
	at sun.reflect.NativeMethodAccessorImpl.invoke(NativeMethodAccessorImpl.java:62)
	at sun.reflect.DelegatingMethodAccessorImpl.invoke(DelegatingMethodAccessorImpl.java:43)
	at java.lang.reflect.Method.invoke(Method.java:498)
	at org.junit.runners.model.FrameworkMethod$1.runReflectiveCall(FrameworkMethod.java:50)
	at org.junit.internal.runners.model.ReflectiveCallable.run(ReflectiveCallable.java:12)
	at org.junit.runners.model.FrameworkMethod.invokeExplosively(FrameworkMethod.java:47)
	at org.junit.internal.runners.statements.InvokeMethod.evaluate(InvokeMethod.java:17)
	at org.junit.runners.ParentRunner.runLeaf(ParentRunner.java:325)
	at org.junit.runners.BlockJUnit4ClassRunner.runChild(BlockJUnit4ClassRunner.java:78)
	at org.junit.runners.BlockJUnit4ClassRunner.runChild(BlockJUnit4ClassRunner.java:57)
	at org.junit.runners.ParentRunner$3.run(ParentRunner.java:290)
	at org.junit.runners.ParentRunner$1.schedule(ParentRunner.java:71)
	at org.junit.runners.ParentRunner.runChildren(ParentRunner.java:288)
	at org.junit.runners.ParentRunner.access$000(ParentRunner.java:58)
	at org.junit.runners.ParentRunner$2.evaluate(ParentRunner.java:268)
	at org.junit.runners.ParentRunner.run(ParentRunner.java:363)
	at org.apache.maven.surefire.junit4.JUnit4Provider.execute(JUnit4Provider.java:252)
	at org.apache.maven.surefire.junit4.JUnit4Provider.executeTestSet(JUnit4Provider.java:141)
	at org.apache.maven.surefire.junit4.JUnit4Provider.invoke(JUnit4Provider.java:112)
	at sun.reflect.NativeMethodAccessorImpl.invoke0(Native Method)
	at sun.reflect.NativeMethodAccessorImpl.invoke(NativeMethodAccessorImpl.java:62)
	at sun.reflect.DelegatingMethodAccessorImpl.invoke(DelegatingMethodAccessorImpl.java:43)
	at java.lang.reflect.Method.invoke(Method.java:498)
	at org.apache.maven.surefire.util.ReflectionUtils.invokeMethodWithArray(ReflectionUtils.java:189)
	at org.apache.maven.surefire.booter.ProviderFactory$ProviderProxy.invoke(ProviderFactory.java:165)
	at org.apache.maven.surefire.booter.ProviderFactory.invokeProvider(ProviderFactory.java:85)
	at org.apache.maven.surefire.booter.ForkedBooter.runSuitesInProcess(ForkedBooter.java:115)
	at org.apache.maven.surefire.booter.ForkedBooter.main(ForkedBooter.java:75)
</failure>
    <system-out>[ main:8166 ] org.springframework.core.env.MutablePropertySources.addLast(MutablePropertySources.java:109) Adding [systemProperties] PropertySource with lowest search precedence
[ main:8166 ] org.springframework.core.env.MutablePropertySources.addLast(MutablePropertySources.java:109) Adding [systemEnvironment] PropertySource with lowest search precedence
[ main:8167 ] org.springframework.core.env.AbstractEnvironment.&lt;init&gt;(AbstractEnvironment.java:127) Initialized StandardEnvironment with PropertySources [systemProperties,systemEnvironment]
[ main:8167 ] org.springframework.context.support.AbstractApplicationContext.prepareRefresh(AbstractApplicationContext.java:581) Refreshing org.springframework.context.support.ClassPathXmlApplicationContext@17f9344b: startup date [Wed Sep 09 19:10:56 CST 2020]; root of context hierarchy
[ main:8167 ] org.springframework.core.env.MutablePropertySources.addLast(MutablePropertySources.java:109) Adding [systemProperties] PropertySource with lowest search precedence
[ main:8167 ] org.springframework.core.env.MutablePropertySources.addLast(MutablePropertySources.java:109) Adding [systemEnvironment] PropertySource with lowest search precedence
[ main:8168 ] org.springframework.core.env.AbstractEnvironment.&lt;init&gt;(AbstractEnvironment.java:127) Initialized StandardEnvironment with PropertySources [systemProperties,systemEnvironment]
[ main:8168 ] org.springframework.beans.factory.xml.XmlBeanDefinitionReader.loadBeanDefinitions(XmlBeanDefinitionReader.java:317) Loading XML bean definitions from class path resource [springmvc.xml]
[ main:8187 ] org.springframework.beans.factory.xml.DefaultDocumentLoader.loadDocument(DefaultDocumentLoader.java:73) Using JAXP provider [com.sun.org.apache.xerces.internal.jaxp.DocumentBuilderFactoryImpl]
[ main:8189 ] org.springframework.beans.factory.xml.PluggableSchemaResolver.resolveEntity(PluggableSchemaResolver.java:106) Trying to resolve XML entity with public id [null] and system id [http://www.springframework.org/schema/beans/spring-beans-4.0.xsd]
[ main:8189 ] org.springframework.beans.factory.xml.PluggableSchemaResolver.getSchemaMappings(PluggableSchemaResolver.java:141) Loading schema mappings from [META-INF/spring.schemas]
[ main:8194 ] org.springframework.beans.factory.xml.PluggableSchemaResolver.getSchemaMappings(PluggableSchemaResolver.java:147) Loaded schema mappings: {http://www.springframework.org/schema/tx/spring-tx-4.3.xsd=org/springframework/transaction/config/spring-tx-4.3.xsd, http://www.springframework.org/schema/tx/spring-tx-2.5.xsd=org/springframework/transaction/config/spring-tx-2.5.xsd, http://www.springframework.org/schema/cache/spring-cache-4.2.xsd=org/springframework/cache/config/spring-cache-4.2.xsd, http://www.springframework.org/schema/aop/spring-aop-4.1.xsd=org/springframework/aop/config/spring-aop-4.1.xsd, http://www.springframework.org/schema/context/spring-context-3.1.xsd=org/springframework/context/config/spring-context-3.1.xsd, http://www.springframework.org/schema/jdbc/spring-jdbc-4.1.xsd=org/springframework/jdbc/config/spring-jdbc-4.1.xsd, http://www.springframework.org/schema/mvc/spring-mvc-4.1.xsd=org/springframework/web/servlet/config/spring-mvc-4.1.xsd, http://www.springframework.org/schema/util/spring-util-3.0.xsd=org/springframework/beans/factory/xml/spring-util-3.0.xsd, http://mybatis.org/schema/mybatis-spring-1.2.xsd=org/mybatis/spring/config/mybatis-spring-1.2.xsd, http://www.springframework.org/schema/tool/spring-tool.xsd=org/springframework/beans/factory/xml/spring-tool-4.3.xsd, http://www.springframework.org/schema/aop/spring-aop-3.2.xsd=org/springframework/aop/config/spring-aop-3.2.xsd, http://www.springframework.org/schema/lang/spring-lang-4.1.xsd=org/springframework/scripting/config/spring-lang-4.1.xsd, http://www.springframework.org/schema/context/spring-context-4.0.xsd=org/springframework/context/config/spring-context-4.0.xsd, http://www.springframework.org/schema/mvc/spring-mvc-3.2.xsd=org/springframework/web/servlet/config/spring-mvc-3.2.xsd, http://www.springframework.org/schema/beans/spring-beans-4.2.xsd=org/springframework/beans/factory/xml/spring-beans-4.2.xsd, http://www.springframework.org/schema/tool/spring-tool-4.1.xsd=org/springframework/beans/factory/xml/spring-tool-4.1.xsd, http://www.springframework.org/schema/lang/spring-lang-3.2.xsd=org/springframework/scripting/config/spring-lang-3.2.xsd, http://www.springframework.org/schema/cache/spring-cache-3.2.xsd=org/springframework/cache/config/spring-cache-3.2.xsd, http://www.springframework.org/schema/jee/spring-jee-4.1.xsd=org/springframework/ejb/config/spring-jee-4.1.xsd, http://www.springframework.org/schema/jdbc/spring-jdbc-3.1.xsd=org/springframework/jdbc/config/spring-jdbc-3.1.xsd, http://www.springframework.org/schema/task/spring-task-4.2.xsd=org/springframework/scheduling/config/spring-task-4.2.xsd, http://www.springframework.org/schema/util/spring-util-2.0.xsd=org/springframework/beans/factory/xml/spring-util-2.0.xsd, http://www.springframework.org/schema/tool/spring-tool-3.2.xsd=org/springframework/beans/factory/xml/spring-tool-3.2.xsd, http://www.springframework.org/schema/context/spring-context.xsd=org/springframework/context/config/spring-context-4.3.xsd, http://www.springframework.org/schema/tx/spring-tx-4.2.xsd=org/springframework/transaction/config/spring-tx-4.2.xsd, http://www.springframework.org/schema/cache/spring-cache-4.1.xsd=org/springframework/cache/config/spring-cache-4.1.xsd, http://www.springframework.org/schema/aop/spring-aop-4.0.xsd=org/springframework/aop/config/spring-aop-4.0.xsd, http://www.springframework.org/schema/jee/spring-jee-3.2.xsd=org/springframework/ejb/config/spring-jee-3.2.xsd, http://www.springframework.org/schema/context/spring-context-3.0.xsd=org/springframework/context/config/spring-context-3.0.xsd, http://www.springframework.org/schema/jdbc/spring-jdbc-4.0.xsd=org/springframework/jdbc/config/spring-jdbc-4.0.xsd, http://www.springframework.org/schema/mvc/spring-mvc-4.0.xsd=org/springframework/web/servlet/config/spring-mvc-4.0.xsd, http://www.springframework.org/schema/util/spring-util-2.5.xsd=org/springframework/beans/factory/xml/spring-util-2.5.xsd, http://www.springframework.org/schema/util/spring-util-4.3.xsd=org/springframework/beans/factory/xml/spring-util-4.3.xsd, http://www.springframework.org/schema/beans/spring-beans-3.2.xsd=org/springframework/beans/factory/xml/spring-beans-3.2.xsd, http://www.springframework.org/schema/aop/spring-aop-3.1.xsd=org/springframework/aop/config/spring-aop-3.1.xsd, http://www.springframework.org/schema/lang/spring-lang-4.0.xsd=org/springframework/scripting/config/spring-lang-4.0.xsd, http://www.springframework.org/schema/mvc/spring-mvc.xsd=org/springframework/web/servlet/config/spring-mvc-4.3.xsd, http://www.springframework.org/schema/mvc/spring-mvc-3.1.xsd=org/springframework/web/servlet/config/spring-mvc-3.1.xsd, http://www.springframework.org/schema/beans/spring-beans-4.1.xsd=org/springframework/beans/factory/xml/spring-beans-4.1.xsd, http://www.springframework.org/schema/tool/spring-tool-4.0.xsd=org/springframework/beans/factory/xml/spring-tool-4.0.xsd, http://www.springframework.org/schema/tx/spring-tx-3.2.xsd=org/springframework/transaction/config/spring-tx-3.2.xsd, http://www.springframework.org/schema/lang/spring-lang-3.1.xsd=org/springframework/scripting/config/spring-lang-3.1.xsd, http://www.springframework.org/schema/cache/spring-cache-3.1.xsd=org/springframework/cache/config/spring-cache-3.1.xsd, http://www.springframework.org/schema/jee/spring-jee-4.0.xsd=org/springframework/ejb/config/spring-jee-4.0.xsd, http://www.springframework.org/schema/jdbc/spring-jdbc-3.0.xsd=org/springframework/jdbc/config/spring-jdbc-3.0.xsd, http://www.springframework.org/schema/task/spring-task-4.1.xsd=org/springframework/scheduling/config/spring-task-4.1.xsd, http://www.springframework.org/schema/jdbc/spring-jdbc.xsd=org/springframework/jdbc/config/spring-jdbc-4.3.xsd, http://www.springframework.org/schema/tool/spring-tool-3.1.xsd=org/springframework/beans/factory/xml/spring-tool-3.1.xsd, http://www.springframework.org/schema/tx/spring-tx-4.1.xsd=org/springframework/transaction/config/spring-tx-4.1.xsd, http://www.springframework.org/schema/cache/spring-cache-4.0.xsd=org/springframework/cache/config/spring-cache-4.0.xsd, http://www.springframework.org/schema/jee/spring-jee-3.1.xsd=org/springframework/ejb/config/spring-jee-3.1.xsd, http://www.springframework.org/schema/task/spring-task-3.2.xsd=org/springframework/scheduling/config/spring-task-3.2.xsd, http://www.springframework.org/schema/util/spring-util-4.2.xsd=org/springframework/beans/factory/xml/spring-util-4.2.xsd, http://www.springframework.org/schema/beans/spring-beans-3.1.xsd=org/springframework/beans/factory/xml/spring-beans-3.1.xsd, http://www.springframework.org/schema/util/spring-util.xsd=org/springframework/beans/factory/xml/spring-util-4.3.xsd, http://www.springframework.org/schema/aop/spring-aop-3.0.xsd=org/springframework/aop/config/spring-aop-3.0.xsd, http://www.springframework.org/schema/mvc/spring-mvc-3.0.xsd=org/springframework/web/servlet/config/spring-mvc-3.0.xsd, http://www.springframework.org/schema/beans/spring-beans-4.0.xsd=org/springframework/beans/factory/xml/spring-beans-4.0.xsd, http://www.springframework.org/schema/beans/spring-beans.xsd=org/springframework/beans/factory/xml/spring-beans-4.3.xsd, http://mybatis.org/schema/mybatis-spring.xsd=org/mybatis/spring/config/mybatis-spring-1.2.xsd, http://www.springframework.org/schema/tx/spring-tx-3.1.xsd=org/springframework/transaction/config/spring-tx-3.1.xsd, http://www.springframework.org/schema/lang/spring-lang-3.0.xsd=org/springframework/scripting/config/spring-lang-3.0.xsd, http://www.springframework.org/schema/context/spring-context-2.5.xsd=org/springframework/context/config/spring-context-2.5.xsd, http://www.springframework.org/schema/context/spring-context-4.3.xsd=org/springframework/context/config/spring-context-4.3.xsd, http://www.springframework.org/schema/task/spring-task-4.0.xsd=org/springframework/scheduling/config/spring-task-4.0.xsd, http://www.springframework.org/schema/tool/spring-tool-3.0.xsd=org/springframework/beans/factory/xml/spring-tool-3.0.xsd, http://www.springframework.org/schema/tx/spring-tx-4.0.xsd=org/springframework/transaction/config/spring-tx-4.0.xsd, http://www.springframework.org/schema/aop/spring-aop-2.0.xsd=org/springframework/aop/config/spring-aop-2.0.xsd, http://www.springframework.org/schema/jee/spring-jee-3.0.xsd=org/springframework/ejb/config/spring-jee-3.0.xsd, http://www.springframework.org/schema/util/spring-util-4.1.xsd=org/springframework/beans/factory/xml/spring-util-4.1.xsd, http://www.springframework.org/schema/task/spring-task-3.1.xsd=org/springframework/scheduling/config/spring-task-3.1.xsd, http://www.springframework.org/schema/beans/spring-beans-3.0.xsd=org/springframework/beans/factory/xml/spring-beans-3.0.xsd, http://www.springframework.org/schema/jee/spring-jee.xsd=org/springframework/ejb/config/spring-jee-4.3.xsd, http://www.springframework.org/schema/aop/spring-aop-2.5.xsd=org/springframework/aop/config/spring-aop-2.5.xsd, http://www.springframework.org/schema/aop/spring-aop-4.3.xsd=org/springframework/aop/config/spring-aop-4.3.xsd, http://www.springframework.org/schema/lang/spring-lang-2.0.xsd=org/springframework/scripting/config/spring-lang-2.0.xsd, http://www.springframework.org/schema/jdbc/spring-jdbc-4.3.xsd=org/springframework/jdbc/config/spring-jdbc-4.3.xsd, http://www.springframework.org/schema/mvc/spring-mvc-4.3.xsd=org/springframework/web/servlet/config/spring-mvc-4.3.xsd, http://www.springframework.org/schema/util/spring-util-3.2.xsd=org/springframework/beans/factory/xml/spring-util-3.2.xsd, http://www.springframework.org/schema/task/spring-task.xsd=org/springframework/scheduling/config/spring-task-4.3.xsd, http://www.springframework.org/schema/tool/spring-tool-2.0.xsd=org/springframework/beans/factory/xml/spring-tool-2.0.xsd, http://www.springframework.org/schema/tx/spring-tx-3.0.xsd=org/springframework/transaction/config/spring-tx-3.0.xsd, http://www.springframework.org/schema/lang/spring-lang-2.5.xsd=org/springframework/scripting/config/spring-lang-2.5.xsd, http://www.springframework.org/schema/lang/spring-lang-4.3.xsd=org/springframework/scripting/config/spring-lang-4.3.xsd, http://www.springframework.org/schema/context/spring-context-4.2.xsd=org/springframework/context/config/spring-context-4.2.xsd, http://www.springframework.org/schema/jee/spring-jee-2.0.xsd=org/springframework/ejb/config/spring-jee-2.0.xsd, http://www.springframework.org/schema/tool/spring-tool-4.3.xsd=org/springframework/beans/factory/xml/spring-tool-4.3.xsd, http://www.springframework.org/schema/tool/spring-tool-2.5.xsd=org/springframework/beans/factory/xml/spring-tool-2.5.xsd, http://www.springframework.org/schema/jee/spring-jee-4.3.xsd=org/springframework/ejb/config/spring-jee-4.3.xsd, http://www.springframework.org/schema/jee/spring-jee-2.5.xsd=org/springframework/ejb/config/spring-jee-2.5.xsd, http://www.springframework.org/schema/util/spring-util-4.0.xsd=org/springframework/beans/factory/xml/spring-util-4.0.xsd, http://www.springframework.org/schema/task/spring-task-3.0.xsd=org/springframework/scheduling/config/spring-task-3.0.xsd, http://www.springframework.org/schema/cache/spring-cache-4.3.xsd=org/springframework/cache/config/spring-cache-4.3.xsd, http://www.springframework.org/schema/aop/spring-aop-4.2.xsd=org/springframework/aop/config/spring-aop-4.2.xsd, http://www.springframework.org/schema/lang/spring-lang.xsd=org/springframework/scripting/config/spring-lang-4.3.xsd, http://www.springframework.org/schema/context/spring-context-3.2.xsd=org/springframework/context/config/spring-context-3.2.xsd, http://www.springframework.org/schema/jdbc/spring-jdbc-4.2.xsd=org/springframework/jdbc/config/spring-jdbc-4.2.xsd, http://www.springframework.org/schema/mvc/spring-mvc-4.2.xsd=org/springframework/web/servlet/config/spring-mvc-4.2.xsd, http://www.springframework.org/schema/util/spring-util-3.1.xsd=org/springframework/beans/factory/xml/spring-util-3.1.xsd, http://www.springframework.org/schema/beans/spring-beans-2.0.xsd=org/springframework/beans/factory/xml/spring-beans-2.0.xsd, http://www.springframework.org/schema/cache/spring-cache.xsd=org/springframework/cache/config/spring-cache-4.3.xsd, http://www.springframework.org/schema/tx/spring-tx.xsd=org/springframework/transaction/config/spring-tx-4.3.xsd, http://www.springframework.org/schema/lang/spring-lang-4.2.xsd=org/springframework/scripting/config/spring-lang-4.2.xsd, http://www.springframework.org/schema/context/spring-context-4.1.xsd=org/springframework/context/config/spring-context-4.1.xsd, http://www.springframework.org/schema/beans/spring-beans-2.5.xsd=org/springframework/beans/factory/xml/spring-beans-2.5.xsd, http://www.springframework.org/schema/beans/spring-beans-4.3.xsd=org/springframework/beans/factory/xml/spring-beans-4.3.xsd, http://www.springframework.org/schema/tool/spring-tool-4.2.xsd=org/springframework/beans/factory/xml/spring-tool-4.2.xsd, http://www.springframework.org/schema/tx/spring-tx-2.0.xsd=org/springframework/transaction/config/spring-tx-2.0.xsd, http://www.springframework.org/schema/jee/spring-jee-4.2.xsd=org/springframework/ejb/config/spring-jee-4.2.xsd, http://www.springframework.org/schema/jdbc/spring-jdbc-3.2.xsd=org/springframework/jdbc/config/spring-jdbc-3.2.xsd, http://www.springframework.org/schema/task/spring-task-4.3.xsd=org/springframework/scheduling/config/spring-task-4.3.xsd, http://www.springframework.org/schema/aop/spring-aop.xsd=org/springframework/aop/config/spring-aop-4.3.xsd}
[ main:8205 ] org.springframework.beans.factory.xml.PluggableSchemaResolver.resolveEntity(PluggableSchemaResolver.java:119) Found XML schema [http://www.springframework.org/schema/beans/spring-beans-4.0.xsd] in classpath: org/springframework/beans/factory/xml/spring-beans-4.0.xsd
[ main:8234 ] org.springframework.beans.factory.xml.PluggableSchemaResolver.resolveEntity(PluggableSchemaResolver.java:106) Trying to resolve XML entity with public id [null] and system id [http://www.springframework.org/schema/context/spring-context-4.0.xsd]
[ main:8235 ] org.springframework.beans.factory.xml.PluggableSchemaResolver.resolveEntity(PluggableSchemaResolver.java:119) Found XML schema [http://www.springframework.org/schema/context/spring-context-4.0.xsd] in classpath: org/springframework/context/config/spring-context-4.0.xsd
[ main:8243 ] org.springframework.beans.factory.xml.PluggableSchemaResolver.resolveEntity(PluggableSchemaResolver.java:106) Trying to resolve XML entity with public id [null] and system id [http://www.springframework.org/schema/tool/spring-tool-4.0.xsd]
[ main:8244 ] org.springframework.beans.factory.xml.PluggableSchemaResolver.resolveEntity(PluggableSchemaResolver.java:119) Found XML schema [http://www.springframework.org/schema/tool/spring-tool-4.0.xsd] in classpath: org/springframework/beans/factory/xml/spring-tool-4.0.xsd
[ main:8247 ] org.springframework.beans.factory.xml.PluggableSchemaResolver.resolveEntity(PluggableSchemaResolver.java:106) Trying to resolve XML entity with public id [null] and system id [http://www.springframework.org/schema/mvc/spring-mvc-4.0.xsd]
[ main:8248 ] org.springframework.beans.factory.xml.PluggableSchemaResolver.resolveEntity(PluggableSchemaResolver.java:119) Found XML schema [http://www.springframework.org/schema/mvc/spring-mvc-4.0.xsd] in classpath: org/springframework/web/servlet/config/spring-mvc-4.0.xsd
[ main:8253 ] org.springframework.beans.factory.xml.PluggableSchemaResolver.resolveEntity(PluggableSchemaResolver.java:106) Trying to resolve XML entity with public id [null] and system id [http://www.springframework.org/schema/tx/spring-tx-4.0.xsd]
[ main:8253 ] org.springframework.beans.factory.xml.PluggableSchemaResolver.resolveEntity(PluggableSchemaResolver.java:119) Found XML schema [http://www.springframework.org/schema/tx/spring-tx-4.0.xsd] in classpath: org/springframework/transaction/config/spring-tx-4.0.xsd
[ main:8264 ] org.springframework.beans.factory.xml.DefaultBeanDefinitionDocumentReader.registerBeanDefinitions(DefaultBeanDefinitionDocumentReader.java:92) Loading bean definitions
[ main:8269 ] org.springframework.beans.factory.xml.DefaultNamespaceHandlerResolver.getHandlerMappings(DefaultNamespaceHandlerResolver.java:157) Loaded NamespaceHandler mappings: {http://www.springframework.org/schema/p=org.springframework.beans.factory.xml.SimplePropertyNamespaceHandler, http://www.springframework.org/schema/mvc=org.springframework.web.servlet.config.MvcNamespaceHandler, http://www.springframework.org/schema/util=org.springframework.beans.factory.xml.UtilNamespaceHandler, http://www.springframework.org/schema/jee=org.springframework.ejb.config.JeeNamespaceHandler, http://www.springframework.org/schema/aop=org.springframework.aop.config.AopNamespaceHandler, http://www.springframework.org/schema/jdbc=org.springframework.jdbc.config.JdbcNamespaceHandler, http://www.springframework.org/schema/cache=org.springframework.cache.config.CacheNamespaceHandler, http://mybatis.org/schema/mybatis-spring=org.mybatis.spring.config.NamespaceHandler, http://www.springframework.org/schema/c=org.springframework.beans.factory.xml.SimpleConstructorNamespaceHandler, http://www.springframework.org/schema/tx=org.springframework.transaction.config.TxNamespaceHandler, http://www.springframework.org/schema/task=org.springframework.scheduling.config.TaskNamespaceHandler, http://www.springframework.org/schema/lang=org.springframework.scripting.config.LangNamespaceHandler, http://www.springframework.org/schema/context=org.springframework.context.config.ContextNamespaceHandler}
[ main:8269 ] org.springframework.core.env.MutablePropertySources.addLast(MutablePropertySources.java:109) Adding [systemProperties] PropertySource with lowest search precedence
[ main:8270 ] org.springframework.core.env.MutablePropertySources.addLast(MutablePropertySources.java:109) Adding [systemEnvironment] PropertySource with lowest search precedence
[ main:8270 ] org.springframework.core.env.AbstractEnvironment.&lt;init&gt;(AbstractEnvironment.java:127) Initialized StandardEnvironment with PropertySources [systemProperties,systemEnvironment]
[ main:8271 ] org.springframework.core.io.support.PathMatchingResourcePatternResolver.findAllClassPathResources(PathMatchingResourcePatternResolver.java:317) Resolved classpath location [com/study/] to resources [URL [file:/D:/webWorkspace/LYQstudyweb/target/test-classes/com/study/], URL [file:/D:/webWorkspace/LYQstudyweb/target/classes/com/study/]]
[ main:8271 ] org.springframework.core.io.support.PathMatchingResourcePatternResolver.doFindMatchingFileSystemResources(PathMatchingResourcePatternResolver.java:711) Looking for matching resources in directory tree [D:\webWorkspace\LYQstudyweb\target\test-classes\com\study]
[ main:8272 ] org.springframework.core.io.support.PathMatchingResourcePatternResolver.doRetrieveMatchingFiles(PathMatchingResourcePatternResolver.java:773) Searching directory [D:\webWorkspace\LYQstudyweb\target\test-classes\com\study] for files matching pattern [D:/webWorkspace/LYQstudyweb/target/test-classes/com/study/**/*.class]
[ main:8273 ] org.springframework.core.io.support.PathMatchingResourcePatternResolver.doRetrieveMatchingFiles(PathMatchingResourcePatternResolver.java:773) Searching directory [D:\webWorkspace\LYQstudyweb\target\test-classes\com\study\basic] for files matching pattern [D:/webWorkspace/LYQstudyweb/target/test-classes/com/study/**/*.class]
[ main:8273 ] org.springframework.core.io.support.PathMatchingResourcePatternResolver.doRetrieveMatchingFiles(PathMatchingResourcePatternResolver.java:773) Searching directory [D:\webWorkspace\LYQstudyweb\target\test-classes\com\study\basic\dao] for files matching pattern [D:/webWorkspace/LYQstudyweb/target/test-classes/com/study/**/*.class]
[ main:8274 ] org.springframework.core.io.support.PathMatchingResourcePatternResolver.doRetrieveMatchingFiles(PathMatchingResourcePatternResolver.java:773) Searching directory [D:\webWorkspace\LYQstudyweb\target\test-classes\com\study\basic\service] for files matching pattern [D:/webWorkspace/LYQstudyweb/target/test-classes/com/study/**/*.class]
[ main:8274 ] org.springframework.core.io.support.PathMatchingResourcePatternResolver.doRetrieveMatchingFiles(PathMatchingResourcePatternResolver.java:773) Searching directory [D:\webWorkspace\LYQstudyweb\target\test-classes\com\study\charts] for files matching pattern [D:/webWorkspace/LYQstudyweb/target/test-classes/com/study/**/*.class]
[ main:8275 ] org.springframework.core.io.support.PathMatchingResourcePatternResolver.doRetrieveMatchingFiles(PathMatchingResourcePatternResolver.java:773) Searching directory [D:\webWorkspace\LYQstudyweb\target\test-classes\com\study\charts\dao] for files matching pattern [D:/webWorkspace/LYQstudyweb/target/test-classes/com/study/**/*.class]
[ main:8275 ] org.springframework.core.io.support.PathMatchingResourcePatternResolver.doRetrieveMatchingFiles(PathMatchingResourcePatternResolver.java:773) Searching directory [D:\webWorkspace\LYQstudyweb\target\test-classes\com\study\charts\service] for files matching pattern [D:/webWorkspace/LYQstudyweb/target/test-classes/com/study/**/*.class]
[ main:8276 ] org.springframework.core.io.support.PathMatchingResourcePatternResolver.doRetrieveMatchingFiles(PathMatchingResourcePatternResolver.java:773) Searching directory [D:\webWorkspace\LYQstudyweb\target\test-classes\com\study\question] for files matching pattern [D:/webWorkspace/LYQstudyweb/target/test-classes/com/study/**/*.class]
[ main:8276 ] org.springframework.core.io.support.PathMatchingResourcePatternResolver.doRetrieveMatchingFiles(PathMatchingResourcePatternResolver.java:773) Searching directory [D:\webWorkspace\LYQstudyweb\target\test-classes\com\study\question\dao] for files matching pattern [D:/webWorkspace/LYQstudyweb/target/test-classes/com/study/**/*.class]
[ main:8276 ] org.springframework.core.io.support.PathMatchingResourcePatternResolver.doRetrieveMatchingFiles(PathMatchingResourcePatternResolver.java:773) Searching directory [D:\webWorkspace\LYQstudyweb\target\test-classes\com\study\question\service] for files matching pattern [D:/webWorkspace/LYQstudyweb/target/test-classes/com/study/**/*.class]
[ main:8277 ] org.springframework.core.io.support.PathMatchingResourcePatternResolver.doRetrieveMatchingFiles(PathMatchingResourcePatternResolver.java:773) Searching directory [D:\webWorkspace\LYQstudyweb\target\test-classes\com\study\user] for files matching pattern [D:/webWorkspace/LYQstudyweb/target/test-classes/com/study/**/*.class]
[ main:8277 ] org.springframework.core.io.support.PathMatchingResourcePatternResolver.doRetrieveMatchingFiles(PathMatchingResourcePatternResolver.java:773) Searching directory [D:\webWorkspace\LYQstudyweb\target\test-classes\com\study\user\dao] for files matching pattern [D:/webWorkspace/LYQstudyweb/target/test-classes/com/study/**/*.class]
[ main:8277 ] org.springframework.core.io.support.PathMatchingResourcePatternResolver.doRetrieveMatchingFiles(PathMatchingResourcePatternResolver.java:773) Searching directory [D:\webWorkspace\LYQstudyweb\target\test-classes\com\study\user\service] for files matching pattern [D:/webWorkspace/LYQstudyweb/target/test-classes/com/study/**/*.class]
[ main:8278 ] org.springframework.core.io.support.PathMatchingResourcePatternResolver.doFindMatchingFileSystemResources(PathMatchingResourcePatternResolver.java:711) Looking for matching resources in directory tree [D:\webWorkspace\LYQstudyweb\target\classes\com\study]
[ main:8278 ] org.springframework.core.io.support.PathMatchingResourcePatternResolver.doRetrieveMatchingFiles(PathMatchingResourcePatternResolver.java:773) Searching directory [D:\webWorkspace\LYQstudyweb\target\classes\com\study] for files matching pattern [D:/webWorkspace/LYQstudyweb/target/classes/com/study/**/*.class]
[ main:8278 ] org.springframework.core.io.support.PathMatchingResourcePatternResolver.doRetrieveMatchingFiles(PathMatchingResourcePatternResolver.java:773) Searching directory [D:\webWorkspace\LYQstudyweb\target\classes\com\study\basic] for files matching pattern [D:/webWorkspace/LYQstudyweb/target/classes/com/study/**/*.class]
[ main:8279 ] org.springframework.core.io.support.PathMatchingResourcePatternResolver.doRetrieveMatchingFiles(PathMatchingResourcePatternResolver.java:773) Searching directory [D:\webWorkspace\LYQstudyweb\target\classes\com\study\basic\dao] for files matching pattern [D:/webWorkspace/LYQstudyweb/target/classes/com/study/**/*.class]
[ main:8279 ] org.springframework.core.io.support.PathMatchingResourcePatternResolver.doRetrieveMatchingFiles(PathMatchingResourcePatternResolver.java:773) Searching directory [D:\webWorkspace\LYQstudyweb\target\classes\com\study\basic\pojo] for files matching pattern [D:/webWorkspace/LYQstudyweb/target/classes/com/study/**/*.class]
[ main:8280 ] org.springframework.core.io.support.PathMatchingResourcePatternResolver.doRetrieveMatchingFiles(PathMatchingResourcePatternResolver.java:773) Searching directory [D:\webWorkspace\LYQstudyweb\target\classes\com\study\basic\service] for files matching pattern [D:/webWorkspace/LYQstudyweb/target/classes/com/study/**/*.class]
[ main:8280 ] org.springframework.core.io.support.PathMatchingResourcePatternResolver.doRetrieveMatchingFiles(PathMatchingResourcePatternResolver.java:773) Searching directory [D:\webWorkspace\LYQstudyweb\target\classes\com\study\basic\vo] for files matching pattern [D:/webWorkspace/LYQstudyweb/target/classes/com/study/**/*.class]
[ main:8281 ] org.springframework.core.io.support.PathMatchingResourcePatternResolver.doRetrieveMatchingFiles(PathMatchingResourcePatternResolver.java:773) Searching directory [D:\webWorkspace\LYQstudyweb\target\classes\com\study\basic\web] for files matching pattern [D:/webWorkspace/LYQstudyweb/target/classes/com/study/**/*.class]
[ main:8281 ] org.springframework.core.io.support.PathMatchingResourcePatternResolver.doRetrieveMatchingFiles(PathMatchingResourcePatternResolver.java:773) Searching directory [D:\webWorkspace\LYQstudyweb\target\classes\com\study\charts] for files matching pattern [D:/webWorkspace/LYQstudyweb/target/classes/com/study/**/*.class]
[ main:8282 ] org.springframework.core.io.support.PathMatchingResourcePatternResolver.doRetrieveMatchingFiles(PathMatchingResourcePatternResolver.java:773) Searching directory [D:\webWorkspace\LYQstudyweb\target\classes\com\study\charts\dao] for files matching pattern [D:/webWorkspace/LYQstudyweb/target/classes/com/study/**/*.class]
[ main:8282 ] org.springframework.core.io.support.PathMatchingResourcePatternResolver.doRetrieveMatchingFiles(PathMatchingResourcePatternResolver.java:773) Searching directory [D:\webWorkspace\LYQstudyweb\target\classes\com\study\charts\pojo] for files matching pattern [D:/webWorkspace/LYQstudyweb/target/classes/com/study/**/*.class]
[ main:8283 ] org.springframework.core.io.support.PathMatchingResourcePatternResolver.doRetrieveMatchingFiles(PathMatchingResourcePatternResolver.java:773) Searching directory [D:\webWorkspace\LYQstudyweb\target\classes\com\study\charts\service] for files matching pattern [D:/webWorkspace/LYQstudyweb/target/classes/com/study/**/*.class]
[ main:8284 ] org.springframework.core.io.support.PathMatchingResourcePatternResolver.doRetrieveMatchingFiles(PathMatchingResourcePatternResolver.java:773) Searching directory [D:\webWorkspace\LYQstudyweb\target\classes\com\study\charts\web] for files matching pattern [D:/webWorkspace/LYQstudyweb/target/classes/com/study/**/*.class]
[ main:8284 ] org.springframework.core.io.support.PathMatchingResourcePatternResolver.doRetrieveMatchingFiles(PathMatchingResourcePatternResolver.java:773) Searching directory [D:\webWorkspace\LYQstudyweb\target\classes\com\study\common] for files matching pattern [D:/webWorkspace/LYQstudyweb/target/classes/com/study/**/*.class]
[ main:8284 ] org.springframework.core.io.support.PathMatchingResourcePatternResolver.doRetrieveMatchingFiles(PathMatchingResourcePatternResolver.java:773) Searching directory [D:\webWorkspace\LYQstudyweb\target\classes\com\study\common\page] for files matching pattern [D:/webWorkspace/LYQstudyweb/target/classes/com/study/**/*.class]
[ main:8285 ] org.springframework.core.io.support.PathMatchingResourcePatternResolver.doRetrieveMatchingFiles(PathMatchingResourcePatternResolver.java:773) Searching directory [D:\webWorkspace\LYQstudyweb\target\classes\com\study\common\util] for files matching pattern [D:/webWorkspace/LYQstudyweb/target/classes/com/study/**/*.class]
[ main:8285 ] org.springframework.core.io.support.PathMatchingResourcePatternResolver.doRetrieveMatchingFiles(PathMatchingResourcePatternResolver.java:773) Searching directory [D:\webWorkspace\LYQstudyweb\target\classes\com\study\question] for files matching pattern [D:/webWorkspace/LYQstudyweb/target/classes/com/study/**/*.class]
[ main:8285 ] org.springframework.core.io.support.PathMatchingResourcePatternResolver.doRetrieveMatchingFiles(PathMatchingResourcePatternResolver.java:773) Searching directory [D:\webWorkspace\LYQstudyweb\target\classes\com\study\question\dao] for files matching pattern [D:/webWorkspace/LYQstudyweb/target/classes/com/study/**/*.class]
[ main:8286 ] org.springframework.core.io.support.PathMatchingResourcePatternResolver.doRetrieveMatchingFiles(PathMatchingResourcePatternResolver.java:773) Searching directory [D:\webWorkspace\LYQstudyweb\target\classes\com\study\question\pojo] for files matching pattern [D:/webWorkspace/LYQstudyweb/target/classes/com/study/**/*.class]
[ main:8286 ] org.springframework.core.io.support.PathMatchingResourcePatternResolver.doRetrieveMatchingFiles(PathMatchingResourcePatternResolver.java:773) Searching directory [D:\webWorkspace\LYQstudyweb\target\classes\com\study\question\service] for files matching pattern [D:/webWorkspace/LYQstudyweb/target/classes/com/study/**/*.class]
[ main:8287 ] org.springframework.core.io.support.PathMatchingResourcePatternResolver.doRetrieveMatchingFiles(PathMatchingResourcePatternResolver.java:773) Searching directory [D:\webWorkspace\LYQstudyweb\target\classes\com\study\question\web] for files matching pattern [D:/webWorkspace/LYQstudyweb/target/classes/com/study/**/*.class]
[ main:8287 ] org.springframework.core.io.support.PathMatchingResourcePatternResolver.doRetrieveMatchingFiles(PathMatchingResourcePatternResolver.java:773) Searching directory [D:\webWorkspace\LYQstudyweb\target\classes\com\study\user] for files matching pattern [D:/webWorkspace/LYQstudyweb/target/classes/com/study/**/*.class]
[ main:8287 ] org.springframework.core.io.support.PathMatchingResourcePatternResolver.doRetrieveMatchingFiles(PathMatchingResourcePatternResolver.java:773) Searching directory [D:\webWorkspace\LYQstudyweb\target\classes\com\study\user\dao] for files matching pattern [D:/webWorkspace/LYQstudyweb/target/classes/com/study/**/*.class]
[ main:8288 ] org.springframework.core.io.support.PathMatchingResourcePatternResolver.doRetrieveMatchingFiles(PathMatchingResourcePatternResolver.java:773) Searching directory [D:\webWorkspace\LYQstudyweb\target\classes\com\study\user\pojo] for files matching pattern [D:/webWorkspace/LYQstudyweb/target/classes/com/study/**/*.class]
[ main:8288 ] org.springframework.core.io.support.PathMatchingResourcePatternResolver.doRetrieveMatchingFiles(PathMatchingResourcePatternResolver.java:773) Searching directory [D:\webWorkspace\LYQstudyweb\target\classes\com\study\user\service] for files matching pattern [D:/webWorkspace/LYQstudyweb/target/classes/com/study/**/*.class]
[ main:8288 ] org.springframework.core.io.support.PathMatchingResourcePatternResolver.doRetrieveMatchingFiles(PathMatchingResourcePatternResolver.java:773) Searching directory [D:\webWorkspace\LYQstudyweb\target\classes\com\study\user\web] for files matching pattern [D:/webWorkspace/LYQstudyweb/target/classes/com/study/**/*.class]
[ main:8289 ] org.springframework.core.io.support.PathMatchingResourcePatternResolver.findPathMatchingResources(PathMatchingResourcePatternResolver.java:483) Resolved location pattern [classpath*:com/study/**/*.class] to resources [file [D:\webWorkspace\LYQstudyweb\target\test-classes\com\study\basic\dao\ClsRoomMapperTest.class], file [D:\webWorkspace\LYQstudyweb\target\test-classes\com\study\basic\dao\UserInfoMapperTest.class], file [D:\webWorkspace\LYQstudyweb\target\test-classes\com\study\basic\service\BasicServiceTest.class], file [D:\webWorkspace\LYQstudyweb\target\test-classes\com\study\user\dao\RoleMapperTest.class], file [D:\webWorkspace\LYQstudyweb\target\test-classes\com\study\user\dao\RoleRightsMapperTest.class], file [D:\webWorkspace\LYQstudyweb\target\test-classes\com\study\user\dao\TeacherMapperTest.class], file [D:\webWorkspace\LYQstudyweb\target\test-classes\com\study\user\service\UserServiceImplTest.class], file [D:\webWorkspace\LYQstudyweb\target\classes\com\study\basic\dao\ClsMapper.class], file [D:\webWorkspace\LYQstudyweb\target\classes\com\study\basic\dao\ClsRoomMapper.class], file [D:\webWorkspace\LYQstudyweb\target\classes\com\study\basic\dao\UserInfoMapper.class], file [D:\webWorkspace\LYQstudyweb\target\classes\com\study\basic\pojo\Cls.class], file [D:\webWorkspace\LYQstudyweb\target\classes\com\study\basic\pojo\ClsRoom.class], file [D:\webWorkspace\LYQstudyweb\target\classes\com\study\basic\pojo\UserInfo.class], file [D:\webWorkspace\LYQstudyweb\target\classes\com\study\basic\service\BasicServiceImpl.class], file [D:\webWorkspace\LYQstudyweb\target\classes\com\study\basic\service\IBasicService.class], file [D:\webWorkspace\LYQstudyweb\target\classes\com\study\basic\vo\UserVO.class], file [D:\webWorkspace\LYQstudyweb\target\classes\com\study\basic\web\ClsController.class], file [D:\webWorkspace\LYQstudyweb\target\classes\com\study\basic\web\ClsRoomController.class], file [D:\webWorkspace\LYQstudyweb\target\classes\com\study\basic\web\UserInfoController.class], file [D:\webWorkspace\LYQstudyweb\target\classes\com\study\charts\dao\VoteHistoryMapper.class], file [D:\webWorkspace\LYQstudyweb\target\classes\com\study\charts\pojo\VoteHistory.class], file [D:\webWorkspace\LYQstudyweb\target\classes\com\study\common\page\PageInfo.class], file [D:\webWorkspace\LYQstudyweb\target\classes\com\study\common\page\PageInterceptor.class], file [D:\webWorkspace\LYQstudyweb\target\classes\com\study\common\page\PageTools.class], file [D:\webWorkspace\LYQstudyweb\target\classes\com\study\common\util\MD5.class], file [D:\webWorkspace\LYQstudyweb\target\classes\com\study\question\dao\AnswerMapper.class], file [D:\webWorkspace\LYQstudyweb\target\classes\com\study\question\dao\QuestionMapper.class], file [D:\webWorkspace\LYQstudyweb\target\classes\com\study\question\dao\QuestionTypeMapper.class], file [D:\webWorkspace\LYQstudyweb\target\classes\com\study\question\pojo\Answer.class], file [D:\webWorkspace\LYQstudyweb\target\classes\com\study\question\pojo\Question.class], file [D:\webWorkspace\LYQstudyweb\target\classes\com\study\question\pojo\QuestionType.class], file [D:\webWorkspace\LYQstudyweb\target\classes\com\study\user\dao\RightsMapper.class], file [D:\webWorkspace\LYQstudyweb\target\classes\com\study\user\dao\RoleMapper.class], file [D:\webWorkspace\LYQstudyweb\target\classes\com\study\user\dao\RoleRightsMapper.class], file [D:\webWorkspace\LYQstudyweb\target\classes\com\study\user\dao\TeacherMapper.class], file [D:\webWorkspace\LYQstudyweb\target\classes\com\study\user\pojo\Rights.class], file [D:\webWorkspace\LYQstudyweb\target\classes\com\study\user\pojo\Role.class], file [D:\webWorkspace\LYQstudyweb\target\classes\com\study\user\pojo\RoleRightsKey.class], file [D:\webWorkspace\LYQstudyweb\target\classes\com\study\user\pojo\Teacher.class], file [D:\webWorkspace\LYQstudyweb\target\classes\com\study\user\service\IUserService.class], file [D:\webWorkspace\LYQstudyweb\target\classes\com\study\user\service\UserServiceImpl.class], file [D:\webWorkspace\LYQstudyweb\target\classes\com\study\user\web\UserController.class]]
[ main:8290 ] org.springframework.context.annotation.ClassPathScanningCandidateComponentProvider.findCandidateComponents(ClassPathScanningCandidateComponentProvider.java:275) Scanning file [D:\webWorkspace\LYQstudyweb\target\test-classes\com\study\basic\dao\ClsRoomMapperTest.class]
[ main:8330 ] org.springframework.context.annotation.ClassPathScanningCandidateComponentProvider.findCandidateComponents(ClassPathScanningCandidateComponentProvider.java:298) Ignored because not matching any filter: file [D:\webWorkspace\LYQstudyweb\target\test-classes\com\study\basic\dao\ClsRoomMapperTest.class]
[ main:8330 ] org.springframework.context.annotation.ClassPathScanningCandidateComponentProvider.findCandidateComponents(ClassPathScanningCandidateComponentProvider.java:275) Scanning file [D:\webWorkspace\LYQstudyweb\target\test-classes\com\study\basic\dao\UserInfoMapperTest.class]
[ main:8353 ] org.springframework.context.annotation.ClassPathScanningCandidateComponentProvider.findCandidateComponents(ClassPathScanningCandidateComponentProvider.java:298) Ignored because not matching any filter: file [D:\webWorkspace\LYQstudyweb\target\test-classes\com\study\basic\dao\UserInfoMapperTest.class]
[ main:8354 ] org.springframework.context.annotation.ClassPathScanningCandidateComponentProvider.findCandidateComponents(ClassPathScanningCandidateComponentProvider.java:275) Scanning file [D:\webWorkspace\LYQstudyweb\target\test-classes\com\study\basic\service\BasicServiceTest.class]
[ main:8361 ] org.springframework.context.annotation.ClassPathScanningCandidateComponentProvider.findCandidateComponents(ClassPathScanningCandidateComponentProvider.java:298) Ignored because not matching any filter: file [D:\webWorkspace\LYQstudyweb\target\test-classes\com\study\basic\service\BasicServiceTest.class]
[ main:8362 ] org.springframework.context.annotation.ClassPathScanningCandidateComponentProvider.findCandidateComponents(ClassPathScanningCandidateComponentProvider.java:275) Scanning file [D:\webWorkspace\LYQstudyweb\target\test-classes\com\study\user\dao\RoleMapperTest.class]
[ main:8363 ] org.springframework.context.annotation.ClassPathScanningCandidateComponentProvider.findCandidateComponents(ClassPathScanningCandidateComponentProvider.java:298) Ignored because not matching any filter: file [D:\webWorkspace\LYQstudyweb\target\test-classes\com\study\user\dao\RoleMapperTest.class]
[ main:8364 ] org.springframework.context.annotation.ClassPathScanningCandidateComponentProvider.findCandidateComponents(ClassPathScanningCandidateComponentProvider.java:275) Scanning file [D:\webWorkspace\LYQstudyweb\target\test-classes\com\study\user\dao\RoleRightsMapperTest.class]
[ main:8381 ] org.springframework.context.annotation.ClassPathScanningCandidateComponentProvider.findCandidateComponents(ClassPathScanningCandidateComponentProvider.java:298) Ignored because not matching any filter: file [D:\webWorkspace\LYQstudyweb\target\test-classes\com\study\user\dao\RoleRightsMapperTest.class]
[ main:8381 ] org.springframework.context.annotation.ClassPathScanningCandidateComponentProvider.findCandidateComponents(ClassPathScanningCandidateComponentProvider.java:275) Scanning file [D:\webWorkspace\LYQstudyweb\target\test-classes\com\study\user\dao\TeacherMapperTest.class]
[ main:8383 ] org.springframework.context.annotation.ClassPathScanningCandidateComponentProvider.findCandidateComponents(ClassPathScanningCandidateComponentProvider.java:298) Ignored because not matching any filter: file [D:\webWorkspace\LYQstudyweb\target\test-classes\com\study\user\dao\TeacherMapperTest.class]
[ main:8383 ] org.springframework.context.annotation.ClassPathScanningCandidateComponentProvider.findCandidateComponents(ClassPathScanningCandidateComponentProvider.java:275) Scanning file [D:\webWorkspace\LYQstudyweb\target\test-classes\com\study\user\service\UserServiceImplTest.class]
[ main:8384 ] org.springframework.context.annotation.ClassPathScanningCandidateComponentProvider.findCandidateComponents(ClassPathScanningCandidateComponentProvider.java:298) Ignored because not matching any filter: file [D:\webWorkspace\LYQstudyweb\target\test-classes\com\study\user\service\UserServiceImplTest.class]
[ main:8385 ] org.springframework.context.annotation.ClassPathScanningCandidateComponentProvider.findCandidateComponents(ClassPathScanningCandidateComponentProvider.java:275) Scanning file [D:\webWorkspace\LYQstudyweb\target\classes\com\study\basic\dao\ClsMapper.class]
[ main:8385 ] org.springframework.context.annotation.ClassPathScanningCandidateComponentProvider.findCandidateComponents(ClassPathScanningCandidateComponentProvider.java:298) Ignored because not matching any filter: file [D:\webWorkspace\LYQstudyweb\target\classes\com\study\basic\dao\ClsMapper.class]
[ main:8385 ] org.springframework.context.annotation.ClassPathScanningCandidateComponentProvider.findCandidateComponents(ClassPathScanningCandidateComponentProvider.java:275) Scanning file [D:\webWorkspace\LYQstudyweb\target\classes\com\study\basic\dao\ClsRoomMapper.class]
[ main:8386 ] org.springframework.context.annotation.ClassPathScanningCandidateComponentProvider.findCandidateComponents(ClassPathScanningCandidateComponentProvider.java:298) Ignored because not matching any filter: file [D:\webWorkspace\LYQstudyweb\target\classes\com\study\basic\dao\ClsRoomMapper.class]
[ main:8386 ] org.springframework.context.annotation.ClassPathScanningCandidateComponentProvider.findCandidateComponents(ClassPathScanningCandidateComponentProvider.java:275) Scanning file [D:\webWorkspace\LYQstudyweb\target\classes\com\study\basic\dao\UserInfoMapper.class]
[ main:8386 ] org.springframework.context.annotation.ClassPathScanningCandidateComponentProvider.findCandidateComponents(ClassPathScanningCandidateComponentProvider.java:298) Ignored because not matching any filter: file [D:\webWorkspace\LYQstudyweb\target\classes\com\study\basic\dao\UserInfoMapper.class]
[ main:8387 ] org.springframework.context.annotation.ClassPathScanningCandidateComponentProvider.findCandidateComponents(ClassPathScanningCandidateComponentProvider.java:275) Scanning file [D:\webWorkspace\LYQstudyweb\target\classes\com\study\basic\pojo\Cls.class]
[ main:8387 ] org.springframework.context.annotation.ClassPathScanningCandidateComponentProvider.findCandidateComponents(ClassPathScanningCandidateComponentProvider.java:298) Ignored because not matching any filter: file [D:\webWorkspace\LYQstudyweb\target\classes\com\study\basic\pojo\Cls.class]
[ main:8387 ] org.springframework.context.annotation.ClassPathScanningCandidateComponentProvider.findCandidateComponents(ClassPathScanningCandidateComponentProvider.java:275) Scanning file [D:\webWorkspace\LYQstudyweb\target\classes\com\study\basic\pojo\ClsRoom.class]
[ main:8421 ] org.springframework.context.annotation.ClassPathScanningCandidateComponentProvider.findCandidateComponents(ClassPathScanningCandidateComponentProvider.java:298) Ignored because not matching any filter: file [D:\webWorkspace\LYQstudyweb\target\classes\com\study\basic\pojo\ClsRoom.class]
[ main:8421 ] org.springframework.context.annotation.ClassPathScanningCandidateComponentProvider.findCandidateComponents(ClassPathScanningCandidateComponentProvider.java:275) Scanning file [D:\webWorkspace\LYQstudyweb\target\classes\com\study\basic\pojo\UserInfo.class]
[ main:8433 ] org.springframework.context.annotation.ClassPathScanningCandidateComponentProvider.findCandidateComponents(ClassPathScanningCandidateComponentProvider.java:298) Ignored because not matching any filter: file [D:\webWorkspace\LYQstudyweb\target\classes\com\study\basic\pojo\UserInfo.class]
[ main:8433 ] org.springframework.context.annotation.ClassPathScanningCandidateComponentProvider.findCandidateComponents(ClassPathScanningCandidateComponentProvider.java:275) Scanning file [D:\webWorkspace\LYQstudyweb\target\classes\com\study\basic\service\BasicServiceImpl.class]
[ main:8445 ] org.springframework.context.annotation.ClassPathScanningCandidateComponentProvider.findCandidateComponents(ClassPathScanningCandidateComponentProvider.java:286) Identified candidate component class: file [D:\webWorkspace\LYQstudyweb\target\classes\com\study\basic\service\BasicServiceImpl.class]
[ main:8445 ] org.springframework.context.annotation.ClassPathScanningCandidateComponentProvider.findCandidateComponents(ClassPathScanningCandidateComponentProvider.java:275) Scanning file [D:\webWorkspace\LYQstudyweb\target\classes\com\study\basic\service\IBasicService.class]
[ main:8454 ] org.springframework.context.annotation.ClassPathScanningCandidateComponentProvider.findCandidateComponents(ClassPathScanningCandidateComponentProvider.java:298) Ignored because not matching any filter: file [D:\webWorkspace\LYQstudyweb\target\classes\com\study\basic\service\IBasicService.class]
[ main:8455 ] org.springframework.context.annotation.ClassPathScanningCandidateComponentProvider.findCandidateComponents(ClassPathScanningCandidateComponentProvider.java:275) Scanning file [D:\webWorkspace\LYQstudyweb\target\classes\com\study\basic\vo\UserVO.class]
[ main:8463 ] org.springframework.context.annotation.ClassPathScanningCandidateComponentProvider.findCandidateComponents(ClassPathScanningCandidateComponentProvider.java:298) Ignored because not matching any filter: file [D:\webWorkspace\LYQstudyweb\target\classes\com\study\basic\vo\UserVO.class]
[ main:8463 ] org.springframework.context.annotation.ClassPathScanningCandidateComponentProvider.findCandidateComponents(ClassPathScanningCandidateComponentProvider.java:275) Scanning file [D:\webWorkspace\LYQstudyweb\target\classes\com\study\basic\web\ClsController.class]
[ main:8465 ] org.springframework.context.annotation.ClassPathScanningCandidateComponentProvider.findCandidateComponents(ClassPathScanningCandidateComponentProvider.java:286) Identified candidate component class: file [D:\webWorkspace\LYQstudyweb\target\classes\com\study\basic\web\ClsController.class]
[ main:8465 ] org.springframework.context.annotation.ClassPathScanningCandidateComponentProvider.findCandidateComponents(ClassPathScanningCandidateComponentProvider.java:275) Scanning file [D:\webWorkspace\LYQstudyweb\target\classes\com\study\basic\web\ClsRoomController.class]
[ main:8476 ] org.springframework.context.annotation.ClassPathScanningCandidateComponentProvider.findCandidateComponents(ClassPathScanningCandidateComponentProvider.java:286) Identified candidate component class: file [D:\webWorkspace\LYQstudyweb\target\classes\com\study\basic\web\ClsRoomController.class]
[ main:8476 ] org.springframework.context.annotation.ClassPathScanningCandidateComponentProvider.findCandidateComponents(ClassPathScanningCandidateComponentProvider.java:275) Scanning file [D:\webWorkspace\LYQstudyweb\target\classes\com\study\basic\web\UserInfoController.class]
[ main:8477 ] org.springframework.context.annotation.ClassPathScanningCandidateComponentProvider.findCandidateComponents(ClassPathScanningCandidateComponentProvider.java:286) Identified candidate component class: file [D:\webWorkspace\LYQstudyweb\target\classes\com\study\basic\web\UserInfoController.class]
[ main:8478 ] org.springframework.context.annotation.ClassPathScanningCandidateComponentProvider.findCandidateComponents(ClassPathScanningCandidateComponentProvider.java:275) Scanning file [D:\webWorkspace\LYQstudyweb\target\classes\com\study\charts\dao\VoteHistoryMapper.class]
[ main:8478 ] org.springframework.context.annotation.ClassPathScanningCandidateComponentProvider.findCandidateComponents(ClassPathScanningCandidateComponentProvider.java:298) Ignored because not matching any filter: file [D:\webWorkspace\LYQstudyweb\target\classes\com\study\charts\dao\VoteHistoryMapper.class]
[ main:8478 ] org.springframework.context.annotation.ClassPathScanningCandidateComponentProvider.findCandidateComponents(ClassPathScanningCandidateComponentProvider.java:275) Scanning file [D:\webWorkspace\LYQstudyweb\target\classes\com\study\charts\pojo\VoteHistory.class]
[ main:8487 ] org.springframework.context.annotation.ClassPathScanningCandidateComponentProvider.findCandidateComponents(ClassPathScanningCandidateComponentProvider.java:298) Ignored because not matching any filter: file [D:\webWorkspace\LYQstudyweb\target\classes\com\study\charts\pojo\VoteHistory.class]
[ main:8487 ] org.springframework.context.annotation.ClassPathScanningCandidateComponentProvider.findCandidateComponents(ClassPathScanningCandidateComponentProvider.java:275) Scanning file [D:\webWorkspace\LYQstudyweb\target\classes\com\study\common\page\PageInfo.class]
[ main:8498 ] org.springframework.context.annotation.ClassPathScanningCandidateComponentProvider.findCandidateComponents(ClassPathScanningCandidateComponentProvider.java:298) Ignored because not matching any filter: file [D:\webWorkspace\LYQstudyweb\target\classes\com\study\common\page\PageInfo.class]
[ main:8498 ] org.springframework.context.annotation.ClassPathScanningCandidateComponentProvider.findCandidateComponents(ClassPathScanningCandidateComponentProvider.java:275) Scanning file [D:\webWorkspace\LYQstudyweb\target\classes\com\study\common\page\PageInterceptor.class]
[ main:8537 ] org.springframework.context.annotation.ClassPathScanningCandidateComponentProvider.findCandidateComponents(ClassPathScanningCandidateComponentProvider.java:298) Ignored because not matching any filter: file [D:\webWorkspace\LYQstudyweb\target\classes\com\study\common\page\PageInterceptor.class]
[ main:8537 ] org.springframework.context.annotation.ClassPathScanningCandidateComponentProvider.findCandidateComponents(ClassPathScanningCandidateComponentProvider.java:275) Scanning file [D:\webWorkspace\LYQstudyweb\target\classes\com\study\common\page\PageTools.class]
[ main:8543 ] org.springframework.context.annotation.ClassPathScanningCandidateComponentProvider.findCandidateComponents(ClassPathScanningCandidateComponentProvider.java:298) Ignored because not matching any filter: file [D:\webWorkspace\LYQstudyweb\target\classes\com\study\common\page\PageTools.class]
[ main:8544 ] org.springframework.context.annotation.ClassPathScanningCandidateComponentProvider.findCandidateComponents(ClassPathScanningCandidateComponentProvider.java:275) Scanning file [D:\webWorkspace\LYQstudyweb\target\classes\com\study\common\util\MD5.class]
[ main:8552 ] org.springframework.context.annotation.ClassPathScanningCandidateComponentProvider.findCandidateComponents(ClassPathScanningCandidateComponentProvider.java:298) Ignored because not matching any filter: file [D:\webWorkspace\LYQstudyweb\target\classes\com\study\common\util\MD5.class]
[ main:8553 ] org.springframework.context.annotation.ClassPathScanningCandidateComponentProvider.findCandidateComponents(ClassPathScanningCandidateComponentProvider.java:275) Scanning file [D:\webWorkspace\LYQstudyweb\target\classes\com\study\question\dao\AnswerMapper.class]
[ main:8553 ] org.springframework.context.annotation.ClassPathScanningCandidateComponentProvider.findCandidateComponents(ClassPathScanningCandidateComponentProvider.java:298) Ignored because not matching any filter: file [D:\webWorkspace\LYQstudyweb\target\classes\com\study\question\dao\AnswerMapper.class]
[ main:8553 ] org.springframework.context.annotation.ClassPathScanningCandidateComponentProvider.findCandidateComponents(ClassPathScanningCandidateComponentProvider.java:275) Scanning file [D:\webWorkspace\LYQstudyweb\target\classes\com\study\question\dao\QuestionMapper.class]
[ main:8554 ] org.springframework.context.annotation.ClassPathScanningCandidateComponentProvider.findCandidateComponents(ClassPathScanningCandidateComponentProvider.java:298) Ignored because not matching any filter: file [D:\webWorkspace\LYQstudyweb\target\classes\com\study\question\dao\QuestionMapper.class]
[ main:8554 ] org.springframework.context.annotation.ClassPathScanningCandidateComponentProvider.findCandidateComponents(ClassPathScanningCandidateComponentProvider.java:275) Scanning file [D:\webWorkspace\LYQstudyweb\target\classes\com\study\question\dao\QuestionTypeMapper.class]
[ main:8554 ] org.springframework.context.annotation.ClassPathScanningCandidateComponentProvider.findCandidateComponents(ClassPathScanningCandidateComponentProvider.java:298) Ignored because not matching any filter: file [D:\webWorkspace\LYQstudyweb\target\classes\com\study\question\dao\QuestionTypeMapper.class]
[ main:8555 ] org.springframework.context.annotation.ClassPathScanningCandidateComponentProvider.findCandidateComponents(ClassPathScanningCandidateComponentProvider.java:275) Scanning file [D:\webWorkspace\LYQstudyweb\target\classes\com\study\question\pojo\Answer.class]
[ main:8555 ] org.springframework.context.annotation.ClassPathScanningCandidateComponentProvider.findCandidateComponents(ClassPathScanningCandidateComponentProvider.java:298) Ignored because not matching any filter: file [D:\webWorkspace\LYQstudyweb\target\classes\com\study\question\pojo\Answer.class]
[ main:8555 ] org.springframework.context.annotation.ClassPathScanningCandidateComponentProvider.findCandidateComponents(ClassPathScanningCandidateComponentProvider.java:275) Scanning file [D:\webWorkspace\LYQstudyweb\target\classes\com\study\question\pojo\Question.class]
[ main:8557 ] org.springframework.context.annotation.ClassPathScanningCandidateComponentProvider.findCandidateComponents(ClassPathScanningCandidateComponentProvider.java:298) Ignored because not matching any filter: file [D:\webWorkspace\LYQstudyweb\target\classes\com\study\question\pojo\Question.class]
[ main:8557 ] org.springframework.context.annotation.ClassPathScanningCandidateComponentProvider.findCandidateComponents(ClassPathScanningCandidateComponentProvider.java:275) Scanning file [D:\webWorkspace\LYQstudyweb\target\classes\com\study\question\pojo\QuestionType.class]
[ main:8557 ] org.springframework.context.annotation.ClassPathScanningCandidateComponentProvider.findCandidateComponents(ClassPathScanningCandidateComponentProvider.java:298) Ignored because not matching any filter: file [D:\webWorkspace\LYQstudyweb\target\classes\com\study\question\pojo\QuestionType.class]
[ main:8558 ] org.springframework.context.annotation.ClassPathScanningCandidateComponentProvider.findCandidateComponents(ClassPathScanningCandidateComponentProvider.java:275) Scanning file [D:\webWorkspace\LYQstudyweb\target\classes\com\study\user\dao\RightsMapper.class]
[ main:8558 ] org.springframework.context.annotation.ClassPathScanningCandidateComponentProvider.findCandidateComponents(ClassPathScanningCandidateComponentProvider.java:298) Ignored because not matching any filter: file [D:\webWorkspace\LYQstudyweb\target\classes\com\study\user\dao\RightsMapper.class]
[ main:8558 ] org.springframework.context.annotation.ClassPathScanningCandidateComponentProvider.findCandidateComponents(ClassPathScanningCandidateComponentProvider.java:275) Scanning file [D:\webWorkspace\LYQstudyweb\target\classes\com\study\user\dao\RoleMapper.class]
[ main:8558 ] org.springframework.context.annotation.ClassPathScanningCandidateComponentProvider.findCandidateComponents(ClassPathScanningCandidateComponentProvider.java:298) Ignored because not matching any filter: file [D:\webWorkspace\LYQstudyweb\target\classes\com\study\user\dao\RoleMapper.class]
[ main:8559 ] org.springframework.context.annotation.ClassPathScanningCandidateComponentProvider.findCandidateComponents(ClassPathScanningCandidateComponentProvider.java:275) Scanning file [D:\webWorkspace\LYQstudyweb\target\classes\com\study\user\dao\RoleRightsMapper.class]
[ main:8559 ] org.springframework.context.annotation.ClassPathScanningCandidateComponentProvider.findCandidateComponents(ClassPathScanningCandidateComponentProvider.java:298) Ignored because not matching any filter: file [D:\webWorkspace\LYQstudyweb\target\classes\com\study\user\dao\RoleRightsMapper.class]
[ main:8559 ] org.springframework.context.annotation.ClassPathScanningCandidateComponentProvider.findCandidateComponents(ClassPathScanningCandidateComponentProvider.java:275) Scanning file [D:\webWorkspace\LYQstudyweb\target\classes\com\study\user\dao\TeacherMapper.class]
[ main:8568 ] org.springframework.context.annotation.ClassPathScanningCandidateComponentProvider.findCandidateComponents(ClassPathScanningCandidateComponentProvider.java:298) Ignored because not matching any filter: file [D:\webWorkspace\LYQstudyweb\target\classes\com\study\user\dao\TeacherMapper.class]
[ main:8569 ] org.springframework.context.annotation.ClassPathScanningCandidateComponentProvider.findCandidateComponents(ClassPathScanningCandidateComponentProvider.java:275) Scanning file [D:\webWorkspace\LYQstudyweb\target\classes\com\study\user\pojo\Rights.class]
[ main:8579 ] org.springframework.context.annotation.ClassPathScanningCandidateComponentProvider.findCandidateComponents(ClassPathScanningCandidateComponentProvider.java:298) Ignored because not matching any filter: file [D:\webWorkspace\LYQstudyweb\target\classes\com\study\user\pojo\Rights.class]
[ main:8579 ] org.springframework.context.annotation.ClassPathScanningCandidateComponentProvider.findCandidateComponents(ClassPathScanningCandidateComponentProvider.java:275) Scanning file [D:\webWorkspace\LYQstudyweb\target\classes\com\study\user\pojo\Role.class]
[ main:8586 ] org.springframework.context.annotation.ClassPathScanningCandidateComponentProvider.findCandidateComponents(ClassPathScanningCandidateComponentProvider.java:298) Ignored because not matching any filter: file [D:\webWorkspace\LYQstudyweb\target\classes\com\study\user\pojo\Role.class]
[ main:8586 ] org.springframework.context.annotation.ClassPathScanningCandidateComponentProvider.findCandidateComponents(ClassPathScanningCandidateComponentProvider.java:275) Scanning file [D:\webWorkspace\LYQstudyweb\target\classes\com\study\user\pojo\RoleRightsKey.class]
[ main:8587 ] org.springframework.context.annotation.ClassPathScanningCandidateComponentProvider.findCandidateComponents(ClassPathScanningCandidateComponentProvider.java:298) Ignored because not matching any filter: file [D:\webWorkspace\LYQstudyweb\target\classes\com\study\user\pojo\RoleRightsKey.class]
[ main:8588 ] org.springframework.context.annotation.ClassPathScanningCandidateComponentProvider.findCandidateComponents(ClassPathScanningCandidateComponentProvider.java:275) Scanning file [D:\webWorkspace\LYQstudyweb\target\classes\com\study\user\pojo\Teacher.class]
[ main:8589 ] org.springframework.context.annotation.ClassPathScanningCandidateComponentProvider.findCandidateComponents(ClassPathScanningCandidateComponentProvider.java:298) Ignored because not matching any filter: file [D:\webWorkspace\LYQstudyweb\target\classes\com\study\user\pojo\Teacher.class]
[ main:8589 ] org.springframework.context.annotation.ClassPathScanningCandidateComponentProvider.findCandidateComponents(ClassPathScanningCandidateComponentProvider.java:275) Scanning file [D:\webWorkspace\LYQstudyweb\target\classes\com\study\user\service\IUserService.class]
[ main:8592 ] org.springframework.context.annotation.ClassPathScanningCandidateComponentProvider.findCandidateComponents(ClassPathScanningCandidateComponentProvider.java:298) Ignored because not matching any filter: file [D:\webWorkspace\LYQstudyweb\target\classes\com\study\user\service\IUserService.class]
[ main:8592 ] org.springframework.context.annotation.ClassPathScanningCandidateComponentProvider.findCandidateComponents(ClassPathScanningCandidateComponentProvider.java:275) Scanning file [D:\webWorkspace\LYQstudyweb\target\classes\com\study\user\service\UserServiceImpl.class]
[ main:8597 ] org.springframework.context.annotation.ClassPathScanningCandidateComponentProvider.findCandidateComponents(ClassPathScanningCandidateComponentProvider.java:286) Identified candidate component class: file [D:\webWorkspace\LYQstudyweb\target\classes\com\study\user\service\UserServiceImpl.class]
[ main:8598 ] org.springframework.context.annotation.ClassPathScanningCandidateComponentProvider.findCandidateComponents(ClassPathScanningCandidateComponentProvider.java:275) Scanning file [D:\webWorkspace\LYQstudyweb\target\classes\com\study\user\web\UserController.class]
[ main:8599 ] org.springframework.context.annotation.ClassPathScanningCandidateComponentProvider.findCandidateComponents(ClassPathScanningCandidateComponentProvider.java:286) Identified candidate component class: file [D:\webWorkspace\LYQstudyweb\target\classes\com\study\user\web\UserController.class]
[ main:8602 ] org.springframework.beans.factory.xml.BeanDefinitionParserDelegate.parseBeanDefinitionElement(BeanDefinitionParserDelegate.java:481) Neither XML &apos;id&apos; nor &apos;name&apos; specified - using generated bean name [org.springframework.web.servlet.view.InternalResourceViewResolver#0]
[ main:8603 ] org.springframework.beans.factory.xml.BeanDefinitionParserDelegate.parseBeanDefinitionElement(BeanDefinitionParserDelegate.java:481) Neither XML &apos;id&apos; nor &apos;name&apos; specified - using generated bean name [org.mybatis.spring.mapper.MapperScannerConfigurer#0]
[ main:8603 ] org.springframework.beans.factory.support.AbstractBeanDefinitionReader.loadBeanDefinitions(AbstractBeanDefinitionReader.java:224) Loaded 47 bean definitions from location pattern [springmvc.xml]
[ main:8603 ] org.springframework.context.support.AbstractApplicationContext.obtainFreshBeanFactory(AbstractApplicationContext.java:615) Bean factory for org.springframework.context.support.ClassPathXmlApplicationContext@17f9344b: org.springframework.beans.factory.support.DefaultListableBeanFactory@3e681bc: defining beans [basicServiceImpl,clsController,clsRoomController,userInfoController,userServiceImpl,userController,org.springframework.context.annotation.internalConfigurationAnnotationProcessor,org.springframework.context.annotation.internalAutowiredAnnotationProcessor,org.springframework.context.annotation.internalRequiredAnnotationProcessor,org.springframework.context.annotation.internalCommonAnnotationProcessor,org.springframework.context.event.internalEventListenerProcessor,org.springframework.context.event.internalEventListenerFactory,mvcContentNegotiationManager,org.springframework.web.servlet.mvc.method.annotation.RequestMappingHandlerMapping,mvcCorsConfigurations,org.springframework.format.support.FormattingConversionServiceFactoryBean#0,org.springframework.web.servlet.mvc.method.annotation.RequestMappingHandlerAdapter,mvcUriComponentsContributor,org.springframework.web.servlet.handler.MappedInterceptor#0,org.springframework.web.servlet.mvc.method.annotation.ExceptionHandlerExceptionResolver#0,org.springframework.web.servlet.mvc.annotation.ResponseStatusExceptionResolver#0,org.springframework.web.servlet.mvc.support.DefaultHandlerExceptionResolver#0,org.springframework.web.servlet.handler.BeanNameUrlHandlerMapping,org.springframework.web.servlet.mvc.HttpRequestHandlerAdapter,org.springframework.web.servlet.mvc.SimpleControllerHandlerAdapter,mvcResourceUrlProvider,org.springframework.web.servlet.handler.MappedInterceptor#1,org.springframework.web.servlet.resource.ResourceHttpRequestHandler#0,mvcPathMatcher,mvcUrlPathHelper,org.springframework.web.servlet.handler.SimpleUrlHandlerMapping#0,org.springframework.web.servlet.resource.ResourceHttpRequestHandler#1,org.springframework.web.servlet.handler.SimpleUrlHandlerMapping#1,org.springframework.web.servlet.resource.ResourceHttpRequestHandler#2,org.springframework.web.servlet.handler.SimpleUrlHandlerMapping#2,org.springframework.web.servlet.resource.DefaultServletHttpRequestHandler#0,org.springframework.web.servlet.handler.SimpleUrlHandlerMapping#3,org.springframework.web.servlet.view.InternalResourceViewResolver#0,ds,txManager,org.springframework.transaction.config.internalTransactionalEventListenerFactory,org.springframework.aop.config.internalAutoProxyCreator,org.springframework.transaction.annotation.AnnotationTransactionAttributeSource#0,org.springframework.transaction.interceptor.TransactionInterceptor#0,org.springframework.transaction.config.internalTransactionAdvisor,sqlSessionFactory,org.mybatis.spring.mapper.MapperScannerConfigurer#0]; root of factory hierarchy
[ main:8604 ] org.springframework.beans.factory.support.DefaultSingletonBeanRegistry.getSingleton(DefaultSingletonBeanRegistry.java:221) Creating shared instance of singleton bean &apos;org.springframework.context.annotation.internalConfigurationAnnotationProcessor&apos;
[ main:8611 ] org.springframework.beans.factory.support.AbstractAutowireCapableBeanFactory.createBean(AbstractAutowireCapableBeanFactory.java:448) Creating instance of bean &apos;org.springframework.context.annotation.internalConfigurationAnnotationProcessor&apos;
[ main:8612 ] org.springframework.beans.factory.support.AbstractAutowireCapableBeanFactory.doCreateBean(AbstractAutowireCapableBeanFactory.java:529) Eagerly caching bean &apos;org.springframework.context.annotation.internalConfigurationAnnotationProcessor&apos; to allow for resolving potential circular references
[ main:8612 ] org.springframework.beans.factory.support.AbstractAutowireCapableBeanFactory.createBean(AbstractAutowireCapableBeanFactory.java:484) Finished creating instance of bean &apos;org.springframework.context.annotation.internalConfigurationAnnotationProcessor&apos;
[ main:8633 ] org.springframework.beans.factory.support.DefaultSingletonBeanRegistry.getSingleton(DefaultSingletonBeanRegistry.java:221) Creating shared instance of singleton bean &apos;org.mybatis.spring.mapper.MapperScannerConfigurer#0&apos;
[ main:8634 ] org.springframework.beans.factory.support.AbstractAutowireCapableBeanFactory.createBean(AbstractAutowireCapableBeanFactory.java:448) Creating instance of bean &apos;org.mybatis.spring.mapper.MapperScannerConfigurer#0&apos;
[ main:8634 ] org.springframework.beans.factory.support.AbstractAutowireCapableBeanFactory.doCreateBean(AbstractAutowireCapableBeanFactory.java:529) Eagerly caching bean &apos;org.mybatis.spring.mapper.MapperScannerConfigurer#0&apos; to allow for resolving potential circular references
[ main:8634 ] org.springframework.beans.CachedIntrospectionResults.&lt;init&gt;(CachedIntrospectionResults.java:265) Getting BeanInfo for class [org.mybatis.spring.mapper.MapperScannerConfigurer]
[ main:8635 ] org.springframework.beans.CachedIntrospectionResults.&lt;init&gt;(CachedIntrospectionResults.java:284) Caching PropertyDescriptors for class [org.mybatis.spring.mapper.MapperScannerConfigurer]
[ main:8636 ] org.springframework.beans.CachedIntrospectionResults.&lt;init&gt;(CachedIntrospectionResults.java:297) Found bean property &apos;addToConfig&apos; of type [boolean]
[ main:8636 ] org.springframework.beans.CachedIntrospectionResults.&lt;init&gt;(CachedIntrospectionResults.java:297) Found bean property &apos;annotationClass&apos; of type [java.lang.Class]
[ main:8636 ] org.springframework.beans.CachedIntrospectionResults.&lt;init&gt;(CachedIntrospectionResults.java:297) Found bean property &apos;applicationContext&apos; of type [org.springframework.context.ApplicationContext]
[ main:8636 ] org.springframework.beans.CachedIntrospectionResults.&lt;init&gt;(CachedIntrospectionResults.java:297) Found bean property &apos;basePackage&apos; of type [java.lang.String]
[ main:8637 ] org.springframework.beans.CachedIntrospectionResults.&lt;init&gt;(CachedIntrospectionResults.java:297) Found bean property &apos;beanName&apos; of type [java.lang.String]
[ main:8637 ] org.springframework.beans.CachedIntrospectionResults.&lt;init&gt;(CachedIntrospectionResults.java:297) Found bean property &apos;class&apos; of type [java.lang.Class]
[ main:8637 ] org.springframework.beans.CachedIntrospectionResults.&lt;init&gt;(CachedIntrospectionResults.java:297) Found bean property &apos;markerInterface&apos; of type [java.lang.Class]
[ main:8637 ] org.springframework.beans.CachedIntrospectionResults.&lt;init&gt;(CachedIntrospectionResults.java:297) Found bean property &apos;nameGenerator&apos; of type [org.springframework.beans.factory.support.BeanNameGenerator]
[ main:8637 ] org.springframework.beans.CachedIntrospectionResults.&lt;init&gt;(CachedIntrospectionResults.java:297) Found bean property &apos;processPropertyPlaceHolders&apos; of type [boolean]
[ main:8637 ] org.springframework.beans.CachedIntrospectionResults.&lt;init&gt;(CachedIntrospectionResults.java:297) Found bean property &apos;sqlSessionFactory&apos; of type [org.apache.ibatis.session.SqlSessionFactory]
[ main:8637 ] org.springframework.beans.CachedIntrospectionResults.&lt;init&gt;(CachedIntrospectionResults.java:297) Found bean property &apos;sqlSessionFactoryBeanName&apos; of type [java.lang.String]
[ main:8637 ] org.springframework.beans.CachedIntrospectionResults.&lt;init&gt;(CachedIntrospectionResults.java:297) Found bean property &apos;sqlSessionTemplate&apos; of type [org.mybatis.spring.SqlSessionTemplate]
[ main:8638 ] org.springframework.beans.CachedIntrospectionResults.&lt;init&gt;(CachedIntrospectionResults.java:297) Found bean property &apos;sqlSessionTemplateBeanName&apos; of type [java.lang.String]
[ main:8639 ] org.springframework.beans.factory.support.AbstractAutowireCapableBeanFactory.invokeInitMethods(AbstractAutowireCapableBeanFactory.java:1620) Invoking afterPropertiesSet() on bean with name &apos;org.mybatis.spring.mapper.MapperScannerConfigurer#0&apos;
[ main:8639 ] org.springframework.beans.factory.support.AbstractAutowireCapableBeanFactory.createBean(AbstractAutowireCapableBeanFactory.java:484) Finished creating instance of bean &apos;org.mybatis.spring.mapper.MapperScannerConfigurer#0&apos;
[ main:8649 ] org.springframework.core.env.MutablePropertySources.addLast(MutablePropertySources.java:109) Adding [systemProperties] PropertySource with lowest search precedence
[ main:8650 ] org.springframework.core.env.MutablePropertySources.addLast(MutablePropertySources.java:109) Adding [systemEnvironment] PropertySource with lowest search precedence
[ main:8650 ] org.springframework.core.env.AbstractEnvironment.&lt;init&gt;(AbstractEnvironment.java:127) Initialized StandardEnvironment with PropertySources [systemProperties,systemEnvironment]
[ main:8651 ] org.springframework.core.io.support.PathMatchingResourcePatternResolver.findAllClassPathResources(PathMatchingResourcePatternResolver.java:317) Resolved classpath location [com/study/] to resources [URL [file:/D:/webWorkspace/LYQstudyweb/target/test-classes/com/study/], URL [file:/D:/webWorkspace/LYQstudyweb/target/classes/com/study/]]
[ main:8651 ] org.springframework.core.io.support.PathMatchingResourcePatternResolver.doFindMatchingFileSystemResources(PathMatchingResourcePatternResolver.java:711) Looking for matching resources in directory tree [D:\webWorkspace\LYQstudyweb\target\test-classes\com\study]
[ main:8652 ] org.springframework.core.io.support.PathMatchingResourcePatternResolver.doRetrieveMatchingFiles(PathMatchingResourcePatternResolver.java:773) Searching directory [D:\webWorkspace\LYQstudyweb\target\test-classes\com\study] for files matching pattern [D:/webWorkspace/LYQstudyweb/target/test-classes/com/study/**/dao/**/*.class]
[ main:8652 ] org.springframework.core.io.support.PathMatchingResourcePatternResolver.doRetrieveMatchingFiles(PathMatchingResourcePatternResolver.java:773) Searching directory [D:\webWorkspace\LYQstudyweb\target\test-classes\com\study\basic] for files matching pattern [D:/webWorkspace/LYQstudyweb/target/test-classes/com/study/**/dao/**/*.class]
[ main:8652 ] org.springframework.core.io.support.PathMatchingResourcePatternResolver.doRetrieveMatchingFiles(PathMatchingResourcePatternResolver.java:773) Searching directory [D:\webWorkspace\LYQstudyweb\target\test-classes\com\study\basic\dao] for files matching pattern [D:/webWorkspace/LYQstudyweb/target/test-classes/com/study/**/dao/**/*.class]
[ main:8653 ] org.springframework.core.io.support.PathMatchingResourcePatternResolver.doRetrieveMatchingFiles(PathMatchingResourcePatternResolver.java:773) Searching directory [D:\webWorkspace\LYQstudyweb\target\test-classes\com\study\basic\service] for files matching pattern [D:/webWorkspace/LYQstudyweb/target/test-classes/com/study/**/dao/**/*.class]
[ main:8653 ] org.springframework.core.io.support.PathMatchingResourcePatternResolver.doRetrieveMatchingFiles(PathMatchingResourcePatternResolver.java:773) Searching directory [D:\webWorkspace\LYQstudyweb\target\test-classes\com\study\charts] for files matching pattern [D:/webWorkspace/LYQstudyweb/target/test-classes/com/study/**/dao/**/*.class]
[ main:8654 ] org.springframework.core.io.support.PathMatchingResourcePatternResolver.doRetrieveMatchingFiles(PathMatchingResourcePatternResolver.java:773) Searching directory [D:\webWorkspace\LYQstudyweb\target\test-classes\com\study\charts\dao] for files matching pattern [D:/webWorkspace/LYQstudyweb/target/test-classes/com/study/**/dao/**/*.class]
[ main:8654 ] org.springframework.core.io.support.PathMatchingResourcePatternResolver.doRetrieveMatchingFiles(PathMatchingResourcePatternResolver.java:773) Searching directory [D:\webWorkspace\LYQstudyweb\target\test-classes\com\study\charts\service] for files matching pattern [D:/webWorkspace/LYQstudyweb/target/test-classes/com/study/**/dao/**/*.class]
[ main:8654 ] org.springframework.core.io.support.PathMatchingResourcePatternResolver.doRetrieveMatchingFiles(PathMatchingResourcePatternResolver.java:773) Searching directory [D:\webWorkspace\LYQstudyweb\target\test-classes\com\study\question] for files matching pattern [D:/webWorkspace/LYQstudyweb/target/test-classes/com/study/**/dao/**/*.class]
[ main:8655 ] org.springframework.core.io.support.PathMatchingResourcePatternResolver.doRetrieveMatchingFiles(PathMatchingResourcePatternResolver.java:773) Searching directory [D:\webWorkspace\LYQstudyweb\target\test-classes\com\study\question\dao] for files matching pattern [D:/webWorkspace/LYQstudyweb/target/test-classes/com/study/**/dao/**/*.class]
[ main:8655 ] org.springframework.core.io.support.PathMatchingResourcePatternResolver.doRetrieveMatchingFiles(PathMatchingResourcePatternResolver.java:773) Searching directory [D:\webWorkspace\LYQstudyweb\target\test-classes\com\study\question\service] for files matching pattern [D:/webWorkspace/LYQstudyweb/target/test-classes/com/study/**/dao/**/*.class]
[...]
[ main:9885 ] org.springframework.context.event.EventListenerMethodProcessor.processBean(EventListenerMethodProcessor.java:148) No @EventListener annotations found on bean class: interface com.study.basic.dao.ClsMapper
[ main:9885 ] org.springframework.context.event.EventListenerMethodProcessor.processBean(EventListenerMethodProcessor.java:148) No @EventListener annotations found on bean class: interface com.study.basic.dao.ClsRoomMapper
[ main:9885 ] org.springframework.context.event.EventListenerMethodProcessor.processBean(EventListenerMethodProcessor.java:148) No @EventListener annotations found on bean class: interface com.study.basic.dao.UserInfoMapper
[ main:9885 ] org.springframework.context.event.EventListenerMethodProcessor.processBean(EventListenerMethodProcessor.java:148) No @EventListener annotations found on bean class: interface com.study.charts.dao.VoteHistoryMapper
[ main:9886 ] org.springframework.context.event.EventListenerMethodProcessor.processBean(EventListenerMethodProcessor.java:148) No @EventListener annotations found on bean class: interface com.study.question.dao.AnswerMapper
[ main:9886 ] org.springframework.context.event.EventListenerMethodProcessor.processBean(EventListenerMethodProcessor.java:148) No @EventListener annotations found on bean class: interface com.study.question.dao.QuestionMapper
[ main:9886 ] org.springframework.context.event.EventListenerMethodProcessor.processBean(EventListenerMethodProcessor.java:148) No @EventListener annotations found on bean class: interface com.study.question.dao.QuestionTypeMapper
[ main:9886 ] org.springframework.context.event.EventListenerMethodProcessor.processBean(EventListenerMethodProcessor.java:148) No @EventListener annotations found on bean class: interface com.study.user.dao.RightsMapper
[ main:9886 ] org.springframework.context.event.EventListenerMethodProcessor.processBean(EventListenerMethodProcessor.java:148) No @EventListener annotations found on bean class: interface com.study.user.dao.RoleMapper
[ main:9886 ] org.springframework.context.event.EventListenerMethodProcessor.processBean(EventListenerMethodProcessor.java:148) No @EventListener annotations found on bean class: interface com.study.user.dao.RoleRightsMapper
[ main:9887 ] org.springframework.context.event.EventListenerMethodProcessor.processBean(EventListenerMethodProcessor.java:148) No @EventListener annotations found on bean class: interface com.study.user.dao.TeacherMapper
[ main:9887 ] org.springframework.context.event.EventListenerMethodProcessor.processBean(EventListenerMethodProcessor.java:148) No @EventListener annotations found on bean class: class org.springframework.core.env.StandardEnvironment
[ main:9888 ] org.springframework.context.event.EventListenerMethodProcessor.processBean(EventListenerMethodProcessor.java:148) No @EventListener annotations found on bean class: class java.util.Properties
[ main:9888 ] org.springframework.context.event.EventListenerMethodProcessor.processBean(EventListenerMethodProcessor.java:148) No @EventListener annotations found on bean class: class java.util.Collections$UnmodifiableMap
[ main:9889 ] org.springframework.context.event.EventListenerMethodProcessor.processBean(EventListenerMethodProcessor.java:148) No @EventListener annotations found on bean class: class org.springframework.context.annotation.ConfigurationClassParser$ImportStack
[ main:9890 ] org.springframework.context.event.EventListenerMethodProcessor.processBean(EventListenerMethodProcessor.java:148) No @EventListener annotations found on bean class: class org.springframework.context.support.DelegatingMessageSource
[ main:9890 ] org.springframework.context.event.EventListenerMethodProcessor.processBean(EventListenerMethodProcessor.java:148) No @EventListener annotations found on bean class: class org.springframework.context.event.SimpleApplicationEventMulticaster
[ main:9890 ] org.springframework.context.support.AbstractApplicationContext.initLifecycleProcessor(AbstractApplicationContext.java:779) Unable to locate LifecycleProcessor with name &apos;lifecycleProcessor&apos;: using default [org.springframework.context.support.DefaultLifecycleProcessor@673bb956]
[ main:9890 ] org.springframework.beans.factory.support.AbstractBeanFactory.doGetBean(AbstractBeanFactory.java:251) Returning cached instance of singleton bean &apos;lifecycleProcessor&apos;
[ main:9891 ] org.springframework.context.support.AbstractApplicationContext.publishEvent(AbstractApplicationContext.java:362) Publishing event in org.springframework.context.support.ClassPathXmlApplicationContext@17f9344b: org.springframework.context.event.ContextRefreshedEvent[source=org.springframework.context.support.ClassPathXmlApplicationContext@17f9344b: startup date [Wed Sep 09 19:10:56 CST 2020]; root of context hierarchy]
[ main:9891 ] org.springframework.beans.factory.support.AbstractBeanFactory.doGetBean(AbstractBeanFactory.java:251) Returning cached instance of singleton bean &apos;mvcResourceUrlProvider&apos;
[ main:9891 ] org.springframework.beans.factory.support.AbstractBeanFactory.doGetBean(AbstractBeanFactory.java:251) Returning cached instance of singleton bean &apos;sqlSessionFactory&apos;
[ main:9891 ] org.springframework.web.servlet.resource.ResourceUrlProvider.detectResourceHandlers(ResourceUrlProvider.java:149) Looking for resource handler mappings
[ main:9892 ] org.springframework.beans.factory.support.AbstractBeanFactory.doGetBean(AbstractBeanFactory.java:251) Returning cached instance of singleton bean &apos;org.springframework.web.servlet.handler.SimpleUrlHandlerMapping#0&apos;
[ main:9892 ] org.springframework.beans.factory.support.AbstractBeanFactory.doGetBean(AbstractBeanFactory.java:251) Returning cached instance of singleton bean &apos;org.springframework.web.servlet.handler.SimpleUrlHandlerMapping#1&apos;
[ main:9892 ] org.springframework.beans.factory.support.AbstractBeanFactory.doGetBean(AbstractBeanFactory.java:251) Returning cached instance of singleton bean &apos;org.springframework.web.servlet.handler.SimpleUrlHandlerMapping#2&apos;
[ main:9892 ] org.springframework.beans.factory.support.AbstractBeanFactory.doGetBean(AbstractBeanFactory.java:251) Returning cached instance of singleton bean &apos;org.springframework.web.servlet.handler.SimpleUrlHandlerMapping#3&apos;
[ main:9892 ] org.springframework.web.servlet.resource.ResourceUrlProvider.detectResourceHandlers(ResourceUrlProvider.java:161) Found resource handler mapping: URL pattern=&quot;/js/**&quot;, locations=[class path resource [js/]], resolvers=[org.springframework.web.servlet.resource.PathResourceResolver@cd7f1ae]
[ main:9892 ] org.springframework.web.servlet.resource.ResourceUrlProvider.detectResourceHandlers(ResourceUrlProvider.java:161) Found resource handler mapping: URL pattern=&quot;/css/**&quot;, locations=[class path resource [css/]], resolvers=[org.springframework.web.servlet.resource.PathResourceResolver@60e949e1]
[ main:9892 ] org.springframework.web.servlet.resource.ResourceUrlProvider.detectResourceHandlers(ResourceUrlProvider.java:161) Found resource handler mapping: URL pattern=&quot;/images/**&quot;, locations=[class path resource [images/]], resolvers=[org.springframework.web.servlet.resource.PathResourceResolver@3c4bc9fc]
[ main:9893 ] org.springframework.web.servlet.resource.ResourceUrlProvider.detectResourceHandlers(ResourceUrlProvider.java:149) Looking for resource handler mappings
[ main:9893 ] org.springframework.beans.factory.support.AbstractBeanFactory.doGetBean(AbstractBeanFactory.java:251) Returning cached instance of singleton bean &apos;org.springframework.web.servlet.handler.SimpleUrlHandlerMapping#0&apos;
[ main:9893 ] org.springframework.beans.factory.support.AbstractBeanFactory.doGetBean(AbstractBeanFactory.java:251) Returning cached instance of singleton bean &apos;org.springframework.web.servlet.handler.SimpleUrlHandlerMapping#1&apos;
[ main:9893 ] org.springframework.beans.factory.support.AbstractBeanFactory.doGetBean(AbstractBeanFactory.java:251) Returning cached instance of singleton bean &apos;org.springframework.web.servlet.handler.SimpleUrlHandlerMapping#2&apos;
[ main:9893 ] org.springframework.beans.factory.support.AbstractBeanFactory.doGetBean(AbstractBeanFactory.java:251) Returning cached instance of singleton bean &apos;org.springframework.web.servlet.handler.SimpleUrlHandlerMapping#3&apos;
[ main:9893 ] org.springframework.web.servlet.resource.ResourceUrlProvider.detectResourceHandlers(ResourceUrlProvider.java:161) Found resource handler mapping: URL pattern=&quot;/js/**&quot;, locations=[class path resource [js/]], resolvers=[org.springframework.web.servlet.resource.PathResourceResolver@cd7f1ae]
[ main:9893 ] org.springframework.web.servlet.resource.ResourceUrlProvider.detectResourceHandlers(ResourceUrlProvider.java:161) Found resource handler mapping: URL pattern=&quot;/css/**&quot;, locations=[class path resource [css/]], resolvers=[org.springframework.web.servlet.resource.PathResourceResolver@60e949e1]
[ main:9893 ] org.springframework.web.servlet.resource.ResourceUrlProvider.detectResourceHandlers(ResourceUrlProvider.java:161) Found resource handler mapping: URL pattern=&quot;/images/**&quot;, locations=[class path resource [images/]], resolvers=[org.springframework.web.servlet.resource.PathResourceResolver@3c4bc9fc]
[ main:9894 ] org.springframework.core.env.PropertySourcesPropertyResolver.getProperty(PropertySourcesPropertyResolver.java:78) Searching for key &apos;spring.liveBeansView.mbeanDomain&apos; in [systemProperties]
[ main:9894 ] org.springframework.core.env.PropertySourcesPropertyResolver.getProperty(PropertySourcesPropertyResolver.java:78) Searching for key &apos;spring.liveBeansView.mbeanDomain&apos; in [systemEnvironment]
[ main:9894 ] org.springframework.core.env.PropertySourcesPropertyResolver.getProperty(PropertySourcesPropertyResolver.java:91) Could not find key &apos;spring.liveBeansView.mbeanDomain&apos; in any property source
[ main:9894 ] org.springframework.beans.factory.support.AbstractBeanFactory.doGetBean(AbstractBeanFactory.java:251) Returning cached instance of singleton bean &apos;basicServiceImpl&apos;
[ main:9895 ] org.springframework.beans.factory.support.AbstractBeanFactory.doGetBean(AbstractBeanFactory.java:251) Returning cached instance of singleton bean &apos;org.springframework.transaction.interceptor.TransactionInterceptor#0&apos;
[ main:9897 ] org.springframework.transaction.interceptor.AbstractFallbackTransactionAttributeSource.getTransactionAttribute(AbstractFallbackTransactionAttributeSource.java:108) Adding transactional method &apos;BasicServiceImpl.updateClsRoomStatus&apos; with attribute: PROPAGATION_REQUIRED,ISOLATION_DEFAULT; &apos;&apos;,-java.lang.Exception
[ main:9897 ] org.springframework.beans.factory.support.AbstractBeanFactory.doGetBean(AbstractBeanFactory.java:251) Returning cached instance of singleton bean &apos;txManager&apos;
[ main:9897 ] org.springframework.transaction.support.AbstractPlatformTransactionManager.getTransaction(AbstractPlatformTransactionManager.java:367) Creating new transaction with name [com.study.basic.service.BasicServiceImpl.updateClsRoomStatus]: PROPAGATION_REQUIRED,ISOLATION_DEFAULT; &apos;&apos;,-java.lang.Exception
[ main:9918 ] org.springframework.jdbc.datasource.DataSourceTransactionManager.doBegin(DataSourceTransactionManager.java:206) Acquired Connection [jdbc:mysql://localhost:3306/studyweb, UserName=root@localhost, MySQL-AB JDBC Driver] for JDBC transaction
[ main:9919 ] org.springframework.jdbc.datasource.DataSourceTransactionManager.doBegin(DataSourceTransactionManager.java:223) Switching JDBC Connection [jdbc:mysql://localhost:3306/studyweb, UserName=root@localhost, MySQL-AB JDBC Driver] to manual commit
[ main:9920 ] org.springframework.transaction.support.TransactionSynchronizationManager.bindResource(TransactionSynchronizationManager.java:193) Bound value [org.springframework.jdbc.datasource.ConnectionHolder@42d236fb] for key [org.apache.commons.dbcp.BasicDataSource@5bdaf2ce] to thread [main]
[ main:9920 ] org.springframework.transaction.support.TransactionSynchronizationManager.initSynchronization(TransactionSynchronizationManager.java:272) Initializing transaction synchronization
[ main:9921 ] org.springframework.transaction.interceptor.TransactionAspectSupport.prepareTransactionInfo(TransactionAspectSupport.java:453) Getting transaction for [com.study.basic.service.BasicServiceImpl.updateClsRoomStatus]
[ main:9921 ] org.mybatis.spring.SqlSessionUtils.getSqlSession(SqlSessionUtils.java:99) Creating a new SqlSession
[ main:9921 ] org.mybatis.spring.SqlSessionUtils.registerSessionHolder(SqlSessionUtils.java:130) Registering transaction synchronization for SqlSession [org.apache.ibatis.session.defaults.DefaultSqlSession@19f21b6b]
[ main:9921 ] org.springframework.transaction.support.TransactionSynchronizationManager.bindResource(TransactionSynchronizationManager.java:193) Bound value [org.mybatis.spring.SqlSessionHolder@1532c619] for key [org.apache.ibatis.session.defaults.DefaultSqlSessionFactory@1ce93c18] to thread [main]
[ main:9960 ] org.springframework.transaction.support.TransactionSynchronizationManager.getResource(TransactionSynchronizationManager.java:140) Retrieved value [org.springframework.jdbc.datasource.ConnectionHolder@42d236fb] for key [org.apache.commons.dbcp.BasicDataSource@5bdaf2ce] bound to thread [main]
[ main:9960 ] org.springframework.transaction.support.TransactionSynchronizationManager.getResource(TransactionSynchronizationManager.java:140) Retrieved value [org.springframework.jdbc.datasource.ConnectionHolder@42d236fb] for key [org.apache.commons.dbcp.BasicDataSource@5bdaf2ce] bound to thread [main]
[ main:9961 ] org.mybatis.spring.transaction.SpringManagedTransaction.openConnection(SpringManagedTransaction.java:89) JDBC Connection [jdbc:mysql://localhost:3306/studyweb, UserName=root@localhost, MySQL-AB JDBC Driver] will be managed by Spring
[ main:9961 ] org.springframework.transaction.support.TransactionSynchronizationManager.getResource(TransactionSynchronizationManager.java:140) Retrieved value [org.springframework.jdbc.datasource.ConnectionHolder@42d236fb] for key [org.apache.commons.dbcp.BasicDataSource@5bdaf2ce] bound to thread [main]
[ main:9961 ] com.study.common.page.PageInterceptor.intercept(PageInterceptor.java:33) �����ҳ������
[ main:9962 ] com.study.common.page.PageInterceptor.intercept(PageInterceptor.java:40) �����õ���sql:com.study.basic.dao.ClsRoomMapper.updateByPrimaryKeySelective
[ main:9962 ] org.apache.ibatis.logging.jdbc.BaseJdbcLogger.debug(BaseJdbcLogger.java:159) ==&gt;  Preparing: update clsroom SET clsroom_status = ? where clsroom_id = ? 
[ main:9963 ] org.apache.ibatis.logging.jdbc.BaseJdbcLogger.debug(BaseJdbcLogger.java:159) ==&gt; Parameters: 0(Integer), 12(Integer)
[ main:10000 ] org.apache.ibatis.logging.jdbc.BaseJdbcLogger.debug(BaseJdbcLogger.java:159) &lt;==    Updates: 0
[ main:10001 ] org.springframework.transaction.support.TransactionSynchronizationManager.getResource(TransactionSynchronizationManager.java:140) Retrieved value [org.mybatis.spring.SqlSessionHolder@1532c619] for key [org.apache.ibatis.session.defaults.DefaultSqlSessionFactory@1ce93c18] bound to thread [main]
[ main:10001 ] org.springframework.transaction.support.TransactionSynchronizationManager.getResource(TransactionSynchronizationManager.java:140) Retrieved value [org.mybatis.spring.SqlSessionHolder@1532c619] for key [org.apache.ibatis.session.defaults.DefaultSqlSessionFactory@1ce93c18] bound to thread [main]
[ main:10001 ] org.mybatis.spring.SqlSessionUtils.closeSqlSession(SqlSessionUtils.java:188) Releasing transactional SqlSession [org.apache.ibatis.session.defaults.DefaultSqlSession@19f21b6b]
[ main:10002 ] org.springframework.transaction.interceptor.TransactionAspectSupport.commitTransactionAfterReturning(TransactionAspectSupport.java:481) Completing transaction for [com.study.basic.service.BasicServiceImpl.updateClsRoomStatus]
[ main:10002 ] org.springframework.transaction.support.AbstractPlatformTransactionManager.triggerBeforeCommit(AbstractPlatformTransactionManager.java:930) Triggering beforeCommit synchronization
[ main:10002 ] org.mybatis.spring.SqlSessionUtils$SqlSessionSynchronization.beforeCommit(SqlSessionUtils.java:286) Transaction synchronization committing SqlSession [org.apache.ibatis.session.defaults.DefaultSqlSession@19f21b6b]
[ main:10002 ] org.springframework.transaction.support.AbstractPlatformTransactionManager.triggerBeforeCompletion(AbstractPlatformTransactionManager.java:943) Triggering beforeCompletion synchronization
[ main:10002 ] org.mybatis.spring.SqlSessionUtils$SqlSessionSynchronization.beforeCompletion(SqlSessionUtils.java:312) Transaction synchronization deregistering SqlSession [org.apache.ibatis.session.defaults.DefaultSqlSession@19f21b6b]
[ main:10002 ] org.springframework.transaction.support.TransactionSynchronizationManager.doUnbindResource(TransactionSynchronizationManager.java:243) Removed value [org.mybatis.spring.SqlSessionHolder@1532c619] for key [org.apache.ibatis.session.defaults.DefaultSqlSessionFactory@1ce93c18] from thread [main]
[ main:10002 ] org.mybatis.spring.SqlSessionUtils$SqlSessionSynchronization.beforeCompletion(SqlSessionUtils.java:317) Transaction synchronization closing SqlSession [org.apache.ibatis.session.defaults.DefaultSqlSession@19f21b6b]
[ main:10002 ] org.springframework.transaction.support.TransactionSynchronizationManager.getResource(TransactionSynchronizationManager.java:140) Retrieved value [org.springframework.jdbc.datasource.ConnectionHolder@42d236fb] for key [org.apache.commons.dbcp.BasicDataSource@5bdaf2ce] bound to thread [main]
[ main:10002 ] org.springframework.transaction.support.AbstractPlatformTransactionManager.processCommit(AbstractPlatformTransactionManager.java:759) Initiating transaction commit
[ main:10003 ] org.springframework.jdbc.datasource.DataSourceTransactionManager.doCommit(DataSourceTransactionManager.java:269) Committing JDBC transaction on Connection [jdbc:mysql://localhost:3306/studyweb, UserName=root@localhost, MySQL-AB JDBC Driver]
[ main:10004 ] org.springframework.transaction.support.AbstractPlatformTransactionManager.triggerAfterCommit(AbstractPlatformTransactionManager.java:956) Triggering afterCommit synchronization
[ main:10004 ] org.springframework.transaction.support.AbstractPlatformTransactionManager.triggerAfterCompletion(AbstractPlatformTransactionManager.java:972) Triggering afterCompletion synchronization
[ main:10004 ] org.springframework.transaction.support.TransactionSynchronizationManager.clearSynchronization(TransactionSynchronizationManager.java:331) Clearing transaction synchronization
[ main:10004 ] org.springframework.transaction.support.TransactionSynchronizationManager.doUnbindResource(TransactionSynchronizationManager.java:243) Removed value [org.springframework.jdbc.datasource.ConnectionHolder@42d236fb] for key [org.apache.commons.dbcp.BasicDataSource@5bdaf2ce] from thread [main]
[ main:10005 ] org.springframework.jdbc.datasource.DataSourceTransactionManager.doCleanupAfterCompletion(DataSourceTransactionManager.java:327) Releasing JDBC Connection [jdbc:mysql://localhost:3306/studyweb, UserName=root@localhost, MySQL-AB JDBC Driver] after transaction
[ main:10006 ] org.springframework.jdbc.datasource.DataSourceUtils.doReleaseConnection(DataSourceUtils.java:327) Returning JDBC Connection to DataSource
</system-out>
  </testcase>
  <testcase classname="com.study.basic.service.BasicServiceTest" name="testListAllClsRoom" time="1.116"/>
  <testcase classname="com.study.basic.service.BasicServiceTest" name="testListAllCls" time="0.833"/>
</testsuite>